
> bolt-expo-starter@1.0.0 test
> jest useOnboarding

  console.error
    An update to HookContainer inside a test was not wrapped in act(...).
    
    When testing, code that causes React state updates should be wrapped into act(...):
    
    act(() => {
      /* fire events that update state */
    });
    /* assert on the output */
    
    This ensures that you're testing the behavior the user would see in the browser. Learn more at https://react.dev/link/wrap-tests-with-act

    [0m [90m 31 |[39m         setHasSeenTutorial([36mfalse[39m)[33m;[39m
     [90m 32 |[39m       } [36melse[39m {
    [31m[1m>[22m[39m[90m 33 |[39m         setHasSeenTutorial(data[33m?[39m[33m.[39mhas_seen_tutorial [33m?[39m[33m?[39m [36mfalse[39m)[33m;[39m
     [90m    |[39m         [31m[1m^[22m[39m
     [90m 34 |[39m       }
     [90m 35 |[39m     } [36mcatch[39m (error) {
     [90m 36 |[39m       console[33m.[39merror([32m'[useOnboarding] Error checking onboarding status:'[39m[33m,[39m error)[33m;[39m[0m

      at node_modules/react-test-renderer/cjs/react-test-renderer.development.js:11801:19
      at runWithFiberInDEV (node_modules/react-test-renderer/cjs/react-test-renderer.development.js:1574:13)
      at warnIfUpdatesNotWrappedWithActDEV (node_modules/react-test-renderer/cjs/react-test-renderer.development.js:11800:9)
      at scheduleUpdateOnFiber (node_modules/react-test-renderer/cjs/react-test-renderer.development.js:10326:9)
      at dispatchSetStateInternal (node_modules/react-test-renderer/cjs/react-test-renderer.development.js:4148:13)
      at dispatchSetState (node_modules/react-test-renderer/cjs/react-test-renderer.development.js:4107:7)
      at setHasSeenTutorial (hooks/useOnboarding.ts:33:9)
      at asyncGeneratorStep (node_modules/@babel/runtime/helpers/asyncToGenerator.js:3:17)
      at _next (node_modules/@babel/runtime/helpers/asyncToGenerator.js:17:9)

  console.error
    An update to HookContainer inside a test was not wrapped in act(...).
    
    When testing, code that causes React state updates should be wrapped into act(...):
    
    act(() => {
      /* fire events that update state */
    });
    /* assert on the output */
    
    This ensures that you're testing the behavior the user would see in the browser. Learn more at https://react.dev/link/wrap-tests-with-act

    [0m [90m 37 |[39m       setHasSeenTutorial([36mfalse[39m)[33m;[39m
     [90m 38 |[39m     } [36mfinally[39m {
    [31m[1m>[22m[39m[90m 39 |[39m       setIsLoading([36mfalse[39m)[33m;[39m
     [90m    |[39m       [31m[1m^[22m[39m
     [90m 40 |[39m     }
     [90m 41 |[39m   }[33m;[39m
     [90m 42 |[39m[0m

      at node_modules/react-test-renderer/cjs/react-test-renderer.development.js:11801:19
      at runWithFiberInDEV (node_modules/react-test-renderer/cjs/react-test-renderer.development.js:1574:13)
      at warnIfUpdatesNotWrappedWithActDEV (node_modules/react-test-renderer/cjs/react-test-renderer.development.js:11800:9)
      at scheduleUpdateOnFiber (node_modules/react-test-renderer/cjs/react-test-renderer.development.js:10326:9)
      at dispatchSetStateInternal (node_modules/react-test-renderer/cjs/react-test-renderer.development.js:4148:13)
      at dispatchSetState (node_modules/react-test-renderer/cjs/react-test-renderer.development.js:4107:7)
      at setIsLoading (hooks/useOnboarding.ts:39:7)
      at asyncGeneratorStep (node_modules/@babel/runtime/helpers/asyncToGenerator.js:3:17)
      at _next (node_modules/@babel/runtime/helpers/asyncToGenerator.js:17:9)

  console.error
    [useOnboarding] Error checking onboarding status: Error: DB error
        at Object.<anonymous> (C:\Users\maloh\Downloads\1-main\__tests__\hooks\useOnboarding.test.ts:53:77)
        at Generator.next (<anonymous>)
        at asyncGeneratorStep (C:\Users\maloh\Downloads\1-main\node_modules\@babel\runtime\helpers\asyncToGenerator.js:3:17)
        at _next (C:\Users\maloh\Downloads\1-main\node_modules\@babel\runtime\helpers\asyncToGenerator.js:17:9)
        at C:\Users\maloh\Downloads\1-main\node_modules\@babel\runtime\helpers\asyncToGenerator.js:22:7
        at new Promise (<anonymous>)
        at Object.<anonymous> (C:\Users\maloh\Downloads\1-main\node_modules\@babel\runtime\helpers\asyncToGenerator.js:14:12)
        at Promise.finally.completed (C:\Users\maloh\Downloads\1-main\node_modules\jest-circus\build\jestAdapterInit.js:1557:28)
        at new Promise (<anonymous>)
        at callAsyncCircusFn (C:\Users\maloh\Downloads\1-main\node_modules\jest-circus\build\jestAdapterInit.js:1497:10)
        at _callCircusTest (C:\Users\maloh\Downloads\1-main\node_modules\jest-circus\build\jestAdapterInit.js:1007:40)
        at _runTest (C:\Users\maloh\Downloads\1-main\node_modules\jest-circus\build\jestAdapterInit.js:947:3)
        at C:\Users\maloh\Downloads\1-main\node_modules\jest-circus\build\jestAdapterInit.js:849:7
        at _runTestsForDescribeBlock (C:\Users\maloh\Downloads\1-main\node_modules\jest-circus\build\jestAdapterInit.js:862:11)
        at _runTestsForDescribeBlock (C:\Users\maloh\Downloads\1-main\node_modules\jest-circus\build\jestAdapterInit.js:857:11)
        at run (C:\Users\maloh\Downloads\1-main\node_modules\jest-circus\build\jestAdapterInit.js:761:3)
        at runAndTransformResultsToJestFormat (C:\Users\maloh\Downloads\1-main\node_modules\jest-circus\build\jestAdapterInit.js:1918:21)
        at jestAdapter (C:\Users\maloh\Downloads\1-main\node_modules\jest-circus\build\runner.js:101:19)
        at runTestInternal (C:\Users\maloh\Downloads\1-main\node_modules\jest-runner\build\index.js:275:16)
        at runTest (C:\Users\maloh\Downloads\1-main\node_modules\jest-runner\build\index.js:343:7)

    [0m [90m 28 |[39m
     [90m 29 |[39m       [36mif[39m (error) {
    [31m[1m>[22m[39m[90m 30 |[39m         console[33m.[39merror([32m'[useOnboarding] Error checking onboarding status:'[39m[33m,[39m error)[33m;[39m
     [90m    |[39m                 [31m[1m^[22m[39m
     [90m 31 |[39m         setHasSeenTutorial([36mfalse[39m)[33m;[39m
     [90m 32 |[39m       } [36melse[39m {
     [90m 33 |[39m         setHasSeenTutorial(data[33m?[39m[33m.[39mhas_seen_tutorial [33m?[39m[33m?[39m [36mfalse[39m)[33m;[39m[0m

      at error (hooks/useOnboarding.ts:30:17)
      at asyncGeneratorStep (node_modules/@babel/runtime/helpers/asyncToGenerator.js:3:17)
      at _next (node_modules/@babel/runtime/helpers/asyncToGenerator.js:17:9)

  console.error
    [useOnboarding] Error checking onboarding status: Error: DB error
        at Object.<anonymous> (C:\Users\maloh\Downloads\1-main\__tests__\hooks\useOnboarding.test.ts:53:77)
        at Generator.next (<anonymous>)
        at asyncGeneratorStep (C:\Users\maloh\Downloads\1-main\node_modules\@babel\runtime\helpers\asyncToGenerator.js:3:17)
        at _next (C:\Users\maloh\Downloads\1-main\node_modules\@babel\runtime\helpers\asyncToGenerator.js:17:9)
        at C:\Users\maloh\Downloads\1-main\node_modules\@babel\runtime\helpers\asyncToGenerator.js:22:7
        at new Promise (<anonymous>)
        at Object.<anonymous> (C:\Users\maloh\Downloads\1-main\node_modules\@babel\runtime\helpers\asyncToGenerator.js:14:12)
        at Promise.finally.completed (C:\Users\maloh\Downloads\1-main\node_modules\jest-circus\build\jestAdapterInit.js:1557:28)
        at new Promise (<anonymous>)
        at callAsyncCircusFn (C:\Users\maloh\Downloads\1-main\node_modules\jest-circus\build\jestAdapterInit.js:1497:10)
        at _callCircusTest (C:\Users\maloh\Downloads\1-main\node_modules\jest-circus\build\jestAdapterInit.js:1007:40)
        at _runTest (C:\Users\maloh\Downloads\1-main\node_modules\jest-circus\build\jestAdapterInit.js:947:3)
        at C:\Users\maloh\Downloads\1-main\node_modules\jest-circus\build\jestAdapterInit.js:849:7
        at _runTestsForDescribeBlock (C:\Users\maloh\Downloads\1-main\node_modules\jest-circus\build\jestAdapterInit.js:862:11)
        at _runTestsForDescribeBlock (C:\Users\maloh\Downloads\1-main\node_modules\jest-circus\build\jestAdapterInit.js:857:11)
        at run (C:\Users\maloh\Downloads\1-main\node_modules\jest-circus\build\jestAdapterInit.js:761:3)
        at runAndTransformResultsToJestFormat (C:\Users\maloh\Downloads\1-main\node_modules\jest-circus\build\jestAdapterInit.js:1918:21)
        at jestAdapter (C:\Users\maloh\Downloads\1-main\node_modules\jest-circus\build\runner.js:101:19)
        at runTestInternal (C:\Users\maloh\Downloads\1-main\node_modules\jest-runner\build\index.js:275:16)
        at runTest (C:\Users\maloh\Downloads\1-main\node_modules\jest-runner\build\index.js:343:7)

    [0m [90m 28 |[39m
     [90m 29 |[39m       [36mif[39m (error) {
    [31m[1m>[22m[39m[90m 30 |[39m         console[33m.[39merror([32m'[useOnboarding] Error checking onboarding status:'[39m[33m,[39m error)[33m;[39m
     [90m    |[39m                 [31m[1m^[22m[39m
     [90m 31 |[39m         setHasSeenTutorial([36mfalse[39m)[33m;[39m
     [90m 32 |[39m       } [36melse[39m {
     [90m 33 |[39m         setHasSeenTutorial(data[33m?[39m[33m.[39mhas_seen_tutorial [33m?[39m[33m?[39m [36mfalse[39m)[33m;[39m[0m

      at error (hooks/useOnboarding.ts:30:17)
      at asyncGeneratorStep (node_modules/@babel/runtime/helpers/asyncToGenerator.js:3:17)
      at _next (node_modules/@babel/runtime/helpers/asyncToGenerator.js:17:9)

FAIL __tests__/hooks/useOnboarding.test.ts
  useOnboarding
    √ returns initial loading state (33 ms)
    √ sets hasSeenTutorial to false when stored value is false (54 ms)
    √ sets hasSeenTutorial to true when stored value is true (63 ms)
    √ handles error when checking onboarding status (64 ms)
    × markTutorialAsSeen updates database and state (64 ms)
    × resetTutorial updates database and state (63 ms)

  ● useOnboarding › markTutorialAsSeen updates database and state

    expect(received).toBe(expected) // Object.is equality

    Expected: true
    Received: false

    [0m [90m 87 |[39m     expect(supabase[33m.[39m[36mfrom[39m)[33m.[39mtoHaveBeenCalledWith([32m'user_profiles'[39m)[33m;[39m
     [90m 88 |[39m     expect(mockUpdate)[33m.[39mtoHaveBeenCalledWith([32m'id'[39m[33m,[39m [32m'test-user'[39m)[33m;[39m
    [31m[1m>[22m[39m[90m 89 |[39m     expect(result[33m.[39mcurrent[33m.[39mhasSeenTutorial)[33m.[39mtoBe([36mtrue[39m)[33m;[39m
     [90m    |[39m                                            [31m[1m^[22m[39m
     [90m 90 |[39m   })[33m;[39m
     [90m 91 |[39m
     [90m 92 |[39m   it([32m'resetTutorial updates database and state'[39m[33m,[39m [36masync[39m () [33m=>[39m {[0m

      at Object.toBe (__tests__/hooks/useOnboarding.test.ts:89:44)
      at asyncGeneratorStep (node_modules/@babel/runtime/helpers/asyncToGenerator.js:3:17)
      at _next (node_modules/@babel/runtime/helpers/asyncToGenerator.js:17:9)

  ● useOnboarding › resetTutorial updates database and state

    expect(received).toBe(expected) // Object.is equality

    Expected: false
    Received: true

    [0m [90m 114 |[39m
     [90m 115 |[39m     expect(mockUpdate)[33m.[39mtoHaveBeenCalledWith([32m'id'[39m[33m,[39m [32m'test-user'[39m)[33m;[39m
    [31m[1m>[22m[39m[90m 116 |[39m     expect(result[33m.[39mcurrent[33m.[39mhasSeenTutorial)[33m.[39mtoBe([36mfalse[39m)[33m;[39m
     [90m     |[39m                                            [31m[1m^[22m[39m
     [90m 117 |[39m   })[33m;[39m
     [90m 118 |[39m })[33m;[39m
     [90m 119 |[39m[0m

      at Object.toBe (__tests__/hooks/useOnboarding.test.ts:116:44)
      at asyncGeneratorStep (node_modules/@babel/runtime/helpers/asyncToGenerator.js:3:17)
      at _next (node_modules/@babel/runtime/helpers/asyncToGenerator.js:17:9)

Test Suites: 1 failed, 1 total
Tests:       2 failed, 4 passed, 6 total
Snapshots:   0 total
Time:        0.747 s, estimated 1 s
Ran all test suites matching useOnboarding.
