
> bolt-expo-starter@1.0.0 test
> jest ScannerScreen

  console.error
    An update to ScannerScreen inside a test was not wrapped in act(...).
    
    When testing, code that causes React state updates should be wrapped into act(...):
    
    act(() => {
      /* fire events that update state */
    });
    /* assert on the output */
    
    This ensures that you're testing the behavior the user would see in the browser. Learn more at https://react.dev/link/wrap-tests-with-act

    [0m [90m 67 |[39m       setSuperScanUsedToday([36mfalse[39m)[33m;[39m
     [90m 68 |[39m     } [36mfinally[39m {
    [31m[1m>[22m[39m[90m 69 |[39m       setCheckingSuperScan([36mfalse[39m)[33m;[39m
     [90m    |[39m       [31m[1m^[22m[39m
     [90m 70 |[39m     }
     [90m 71 |[39m   }[33m;[39m
     [90m 72 |[39m[0m

      at node_modules/react-test-renderer/cjs/react-test-renderer.development.js:11801:19
      at runWithFiberInDEV (node_modules/react-test-renderer/cjs/react-test-renderer.development.js:1574:13)
      at warnIfUpdatesNotWrappedWithActDEV (node_modules/react-test-renderer/cjs/react-test-renderer.development.js:11800:9)
      at scheduleUpdateOnFiber (node_modules/react-test-renderer/cjs/react-test-renderer.development.js:10326:9)
      at dispatchSetStateInternal (node_modules/react-test-renderer/cjs/react-test-renderer.development.js:4148:13)
      at dispatchSetState (node_modules/react-test-renderer/cjs/react-test-renderer.development.js:4107:7)
      at setCheckingSuperScan (screens/ScannerScreen.tsx:69:7)
      at asyncGeneratorStep (node_modules/@babel/runtime/helpers/asyncToGenerator.js:3:17)
      at _next (node_modules/@babel/runtime/helpers/asyncToGenerator.js:17:9)

  console.error
    An update to ScannerScreen inside a test was not wrapped in act(...).
    
    When testing, code that causes React state updates should be wrapped into act(...):
    
    act(() => {
      /* fire events that update state */
    });
    /* assert on the output */
    
    This ensures that you're testing the behavior the user would see in the browser. Learn more at https://react.dev/link/wrap-tests-with-act

    [0m [90m 131 |[39m
     [90m 132 |[39m       [36mif[39m (isMountedRef[33m.[39mcurrent) {
    [31m[1m>[22m[39m[90m 133 |[39m         setScanEligibility(results)[33m;[39m
     [90m     |[39m         [31m[1m^[22m[39m
     [90m 134 |[39m
     [90m 135 |[39m         [90m// Gérer l'état d'erreur réseau[39m
     [90m 136 |[39m         [36mif[39m (hasNetworkError [33m&&[39m [33mObject[39m[33m.[39mvalues(results)[33m.[39mevery(r [33m=>[39m r [33m===[39m [36mnull[39m)) {[0m

      at node_modules/react-test-renderer/cjs/react-test-renderer.development.js:11801:19
      at runWithFiberInDEV (node_modules/react-test-renderer/cjs/react-test-renderer.development.js:1574:13)
      at warnIfUpdatesNotWrappedWithActDEV (node_modules/react-test-renderer/cjs/react-test-renderer.development.js:11800:9)
      at scheduleUpdateOnFiber (node_modules/react-test-renderer/cjs/react-test-renderer.development.js:10326:9)
      at dispatchSetStateInternal (node_modules/react-test-renderer/cjs/react-test-renderer.development.js:4148:13)
      at dispatchSetState (node_modules/react-test-renderer/cjs/react-test-renderer.development.js:4107:7)
      at setScanEligibility (screens/ScannerScreen.tsx:133:9)
      at asyncGeneratorStep (node_modules/@babel/runtime/helpers/asyncToGenerator.js:3:17)
      at _next (node_modules/@babel/runtime/helpers/asyncToGenerator.js:17:9)

  console.error
    An update to ScannerScreen inside a test was not wrapped in act(...).
    
    When testing, code that causes React state updates should be wrapped into act(...):
    
    act(() => {
      /* fire events that update state */
    });
    /* assert on the output */
    
    This ensures that you're testing the behavior the user would see in the browser. Learn more at https://react.dev/link/wrap-tests-with-act

    [0m [90m 148 |[39m           }
     [90m 149 |[39m         } [36melse[39m {
    [31m[1m>[22m[39m[90m 150 |[39m           setNetworkError([36mfalse[39m)[33m;[39m
     [90m     |[39m           [31m[1m^[22m[39m
     [90m 151 |[39m           retryCountRef[33m.[39mcurrent [33m=[39m [35m0[39m[33m;[39m
     [90m 152 |[39m         }
     [90m 153 |[39m       }[0m

      at node_modules/react-test-renderer/cjs/react-test-renderer.development.js:11801:19
      at runWithFiberInDEV (node_modules/react-test-renderer/cjs/react-test-renderer.development.js:1574:13)
      at warnIfUpdatesNotWrappedWithActDEV (node_modules/react-test-renderer/cjs/react-test-renderer.development.js:11800:9)
      at scheduleUpdateOnFiber (node_modules/react-test-renderer/cjs/react-test-renderer.development.js:10326:9)
      at dispatchSetStateInternal (node_modules/react-test-renderer/cjs/react-test-renderer.development.js:4148:13)
      at dispatchSetState (node_modules/react-test-renderer/cjs/react-test-renderer.development.js:4107:7)
      at setNetworkError (screens/ScannerScreen.tsx:150:11)
      at asyncGeneratorStep (node_modules/@babel/runtime/helpers/asyncToGenerator.js:3:17)
      at _next (node_modules/@babel/runtime/helpers/asyncToGenerator.js:17:9)

  console.error
    An update to ScannerScreen inside a test was not wrapped in act(...).
    
    When testing, code that causes React state updates should be wrapped into act(...):
    
    act(() => {
      /* fire events that update state */
    });
    /* assert on the output */
    
    This ensures that you're testing the behavior the user would see in the browser. Learn more at https://react.dev/link/wrap-tests-with-act

    [0m [90m 159 |[39m     } [36mfinally[39m {
     [90m 160 |[39m       [36mif[39m (isMountedRef[33m.[39mcurrent) {
    [31m[1m>[22m[39m[90m 161 |[39m         setLoading([36mfalse[39m)[33m;[39m
     [90m     |[39m         [31m[1m^[22m[39m
     [90m 162 |[39m         setIsRetrying([36mfalse[39m)[33m;[39m
     [90m 163 |[39m       }
     [90m 164 |[39m     }[0m

      at node_modules/react-test-renderer/cjs/react-test-renderer.development.js:11801:19
      at runWithFiberInDEV (node_modules/react-test-renderer/cjs/react-test-renderer.development.js:1574:13)
      at warnIfUpdatesNotWrappedWithActDEV (node_modules/react-test-renderer/cjs/react-test-renderer.development.js:11800:9)
      at scheduleUpdateOnFiber (node_modules/react-test-renderer/cjs/react-test-renderer.development.js:10326:9)
      at dispatchSetStateInternal (node_modules/react-test-renderer/cjs/react-test-renderer.development.js:4148:13)
      at dispatchSetState (node_modules/react-test-renderer/cjs/react-test-renderer.development.js:4107:7)
      at setLoading (screens/ScannerScreen.tsx:161:9)
      at asyncGeneratorStep (node_modules/@babel/runtime/helpers/asyncToGenerator.js:3:17)
      at _next (node_modules/@babel/runtime/helpers/asyncToGenerator.js:17:9)

  console.error
    An update to ScannerScreen inside a test was not wrapped in act(...).
    
    When testing, code that causes React state updates should be wrapped into act(...):
    
    act(() => {
      /* fire events that update state */
    });
    /* assert on the output */
    
    This ensures that you're testing the behavior the user would see in the browser. Learn more at https://react.dev/link/wrap-tests-with-act

    [0m [90m 160 |[39m       [36mif[39m (isMountedRef[33m.[39mcurrent) {
     [90m 161 |[39m         setLoading([36mfalse[39m)[33m;[39m
    [31m[1m>[22m[39m[90m 162 |[39m         setIsRetrying([36mfalse[39m)[33m;[39m
     [90m     |[39m         [31m[1m^[22m[39m
     [90m 163 |[39m       }
     [90m 164 |[39m     }
     [90m 165 |[39m   }[33m;[39m[0m

      at node_modules/react-test-renderer/cjs/react-test-renderer.development.js:11801:19
      at runWithFiberInDEV (node_modules/react-test-renderer/cjs/react-test-renderer.development.js:1574:13)
      at warnIfUpdatesNotWrappedWithActDEV (node_modules/react-test-renderer/cjs/react-test-renderer.development.js:11800:9)
      at scheduleUpdateOnFiber (node_modules/react-test-renderer/cjs/react-test-renderer.development.js:10326:9)
      at dispatchSetStateInternal (node_modules/react-test-renderer/cjs/react-test-renderer.development.js:4148:13)
      at dispatchSetState (node_modules/react-test-renderer/cjs/react-test-renderer.development.js:4107:7)
      at setIsRetrying (screens/ScannerScreen.tsx:162:9)
      at asyncGeneratorStep (node_modules/@babel/runtime/helpers/asyncToGenerator.js:3:17)
      at _next (node_modules/@babel/runtime/helpers/asyncToGenerator.js:17:9)

  console.error
    Error checking body eligibility: Error: Network error
        at Object.<anonymous> (C:\Users\maloh\Downloads\1-main\__tests__\screens\ScannerScreen.test.tsx:452:54)
        at Generator.next (<anonymous>)
        at asyncGeneratorStep (C:\Users\maloh\Downloads\1-main\node_modules\@babel\runtime\helpers\asyncToGenerator.js:3:17)
        at _next (C:\Users\maloh\Downloads\1-main\node_modules\@babel\runtime\helpers\asyncToGenerator.js:17:9)
        at C:\Users\maloh\Downloads\1-main\node_modules\@babel\runtime\helpers\asyncToGenerator.js:22:7
        at new Promise (<anonymous>)
        at Object.<anonymous> (C:\Users\maloh\Downloads\1-main\node_modules\@babel\runtime\helpers\asyncToGenerator.js:14:12)
        at Promise.finally.completed (C:\Users\maloh\Downloads\1-main\node_modules\jest-circus\build\jestAdapterInit.js:1557:28)
        at new Promise (<anonymous>)
        at callAsyncCircusFn (C:\Users\maloh\Downloads\1-main\node_modules\jest-circus\build\jestAdapterInit.js:1497:10)
        at _callCircusTest (C:\Users\maloh\Downloads\1-main\node_modules\jest-circus\build\jestAdapterInit.js:1007:40)
        at _runTest (C:\Users\maloh\Downloads\1-main\node_modules\jest-circus\build\jestAdapterInit.js:947:3)
        at C:\Users\maloh\Downloads\1-main\node_modules\jest-circus\build\jestAdapterInit.js:849:7
        at _runTestsForDescribeBlock (C:\Users\maloh\Downloads\1-main\node_modules\jest-circus\build\jestAdapterInit.js:862:11)
        at _runTestsForDescribeBlock (C:\Users\maloh\Downloads\1-main\node_modules\jest-circus\build\jestAdapterInit.js:857:11)
        at _runTestsForDescribeBlock (C:\Users\maloh\Downloads\1-main\node_modules\jest-circus\build\jestAdapterInit.js:857:11)
        at run (C:\Users\maloh\Downloads\1-main\node_modules\jest-circus\build\jestAdapterInit.js:761:3)
        at runAndTransformResultsToJestFormat (C:\Users\maloh\Downloads\1-main\node_modules\jest-circus\build\jestAdapterInit.js:1918:21)
        at jestAdapter (C:\Users\maloh\Downloads\1-main\node_modules\jest-circus\build\runner.js:101:19)
        at runTestInternal (C:\Users\maloh\Downloads\1-main\node_modules\jest-runner\build\index.js:275:16)
        at runTest (C:\Users\maloh\Downloads\1-main\node_modules\jest-runner\build\index.js:343:7)

    [0m [90m 118 |[39m           results[scanType] [33m=[39m result[33m;[39m
     [90m 119 |[39m         } [36mcatch[39m (error[33m:[39m any) {
    [31m[1m>[22m[39m[90m 120 |[39m           console[33m.[39merror([32m`Error checking ${scanType} eligibility:`[39m[33m,[39m error)[33m;[39m
     [90m     |[39m                   [31m[1m^[22m[39m
     [90m 121 |[39m           results[scanType] [33m=[39m [36mnull[39m[33m;[39m
     [90m 122 |[39m
     [90m 123 |[39m           [90m// Détecter les erreurs réseau[39m[0m

      at error (screens/ScannerScreen.tsx:120:19)
          at Generator.throw (<anonymous>)
      at asyncGeneratorStep (node_modules/@babel/runtime/helpers/asyncToGenerator.js:3:17)
      at _throw (node_modules/@babel/runtime/helpers/asyncToGenerator.js:20:9)

  console.error
    Error checking health eligibility: Error: Network error
        at Object.<anonymous> (C:\Users\maloh\Downloads\1-main\__tests__\screens\ScannerScreen.test.tsx:452:54)
        at Generator.next (<anonymous>)
        at asyncGeneratorStep (C:\Users\maloh\Downloads\1-main\node_modules\@babel\runtime\helpers\asyncToGenerator.js:3:17)
        at _next (C:\Users\maloh\Downloads\1-main\node_modules\@babel\runtime\helpers\asyncToGenerator.js:17:9)
        at C:\Users\maloh\Downloads\1-main\node_modules\@babel\runtime\helpers\asyncToGenerator.js:22:7
        at new Promise (<anonymous>)
        at Object.<anonymous> (C:\Users\maloh\Downloads\1-main\node_modules\@babel\runtime\helpers\asyncToGenerator.js:14:12)
        at Promise.finally.completed (C:\Users\maloh\Downloads\1-main\node_modules\jest-circus\build\jestAdapterInit.js:1557:28)
        at new Promise (<anonymous>)
        at callAsyncCircusFn (C:\Users\maloh\Downloads\1-main\node_modules\jest-circus\build\jestAdapterInit.js:1497:10)
        at _callCircusTest (C:\Users\maloh\Downloads\1-main\node_modules\jest-circus\build\jestAdapterInit.js:1007:40)
        at _runTest (C:\Users\maloh\Downloads\1-main\node_modules\jest-circus\build\jestAdapterInit.js:947:3)
        at C:\Users\maloh\Downloads\1-main\node_modules\jest-circus\build\jestAdapterInit.js:849:7
        at _runTestsForDescribeBlock (C:\Users\maloh\Downloads\1-main\node_modules\jest-circus\build\jestAdapterInit.js:862:11)
        at _runTestsForDescribeBlock (C:\Users\maloh\Downloads\1-main\node_modules\jest-circus\build\jestAdapterInit.js:857:11)
        at _runTestsForDescribeBlock (C:\Users\maloh\Downloads\1-main\node_modules\jest-circus\build\jestAdapterInit.js:857:11)
        at run (C:\Users\maloh\Downloads\1-main\node_modules\jest-circus\build\jestAdapterInit.js:761:3)
        at runAndTransformResultsToJestFormat (C:\Users\maloh\Downloads\1-main\node_modules\jest-circus\build\jestAdapterInit.js:1918:21)
        at jestAdapter (C:\Users\maloh\Downloads\1-main\node_modules\jest-circus\build\runner.js:101:19)
        at runTestInternal (C:\Users\maloh\Downloads\1-main\node_modules\jest-runner\build\index.js:275:16)
        at runTest (C:\Users\maloh\Downloads\1-main\node_modules\jest-runner\build\index.js:343:7)

    [0m [90m 118 |[39m           results[scanType] [33m=[39m result[33m;[39m
     [90m 119 |[39m         } [36mcatch[39m (error[33m:[39m any) {
    [31m[1m>[22m[39m[90m 120 |[39m           console[33m.[39merror([32m`Error checking ${scanType} eligibility:`[39m[33m,[39m error)[33m;[39m
     [90m     |[39m                   [31m[1m^[22m[39m
     [90m 121 |[39m           results[scanType] [33m=[39m [36mnull[39m[33m;[39m
     [90m 122 |[39m
     [90m 123 |[39m           [90m// Détecter les erreurs réseau[39m[0m

      at error (screens/ScannerScreen.tsx:120:19)
          at Generator.throw (<anonymous>)
      at asyncGeneratorStep (node_modules/@babel/runtime/helpers/asyncToGenerator.js:3:17)
      at _throw (node_modules/@babel/runtime/helpers/asyncToGenerator.js:20:9)

  console.error
    Error checking nutrition eligibility: Error: Network error
        at Object.<anonymous> (C:\Users\maloh\Downloads\1-main\__tests__\screens\ScannerScreen.test.tsx:452:54)
        at Generator.next (<anonymous>)
        at asyncGeneratorStep (C:\Users\maloh\Downloads\1-main\node_modules\@babel\runtime\helpers\asyncToGenerator.js:3:17)
        at _next (C:\Users\maloh\Downloads\1-main\node_modules\@babel\runtime\helpers\asyncToGenerator.js:17:9)
        at C:\Users\maloh\Downloads\1-main\node_modules\@babel\runtime\helpers\asyncToGenerator.js:22:7
        at new Promise (<anonymous>)
        at Object.<anonymous> (C:\Users\maloh\Downloads\1-main\node_modules\@babel\runtime\helpers\asyncToGenerator.js:14:12)
        at Promise.finally.completed (C:\Users\maloh\Downloads\1-main\node_modules\jest-circus\build\jestAdapterInit.js:1557:28)
        at new Promise (<anonymous>)
        at callAsyncCircusFn (C:\Users\maloh\Downloads\1-main\node_modules\jest-circus\build\jestAdapterInit.js:1497:10)
        at _callCircusTest (C:\Users\maloh\Downloads\1-main\node_modules\jest-circus\build\jestAdapterInit.js:1007:40)
        at _runTest (C:\Users\maloh\Downloads\1-main\node_modules\jest-circus\build\jestAdapterInit.js:947:3)
        at C:\Users\maloh\Downloads\1-main\node_modules\jest-circus\build\jestAdapterInit.js:849:7
        at _runTestsForDescribeBlock (C:\Users\maloh\Downloads\1-main\node_modules\jest-circus\build\jestAdapterInit.js:862:11)
        at _runTestsForDescribeBlock (C:\Users\maloh\Downloads\1-main\node_modules\jest-circus\build\jestAdapterInit.js:857:11)
        at _runTestsForDescribeBlock (C:\Users\maloh\Downloads\1-main\node_modules\jest-circus\build\jestAdapterInit.js:857:11)
        at run (C:\Users\maloh\Downloads\1-main\node_modules\jest-circus\build\jestAdapterInit.js:761:3)
        at runAndTransformResultsToJestFormat (C:\Users\maloh\Downloads\1-main\node_modules\jest-circus\build\jestAdapterInit.js:1918:21)
        at jestAdapter (C:\Users\maloh\Downloads\1-main\node_modules\jest-circus\build\runner.js:101:19)
        at runTestInternal (C:\Users\maloh\Downloads\1-main\node_modules\jest-runner\build\index.js:275:16)
        at runTest (C:\Users\maloh\Downloads\1-main\node_modules\jest-runner\build\index.js:343:7)

    [0m [90m 118 |[39m           results[scanType] [33m=[39m result[33m;[39m
     [90m 119 |[39m         } [36mcatch[39m (error[33m:[39m any) {
    [31m[1m>[22m[39m[90m 120 |[39m           console[33m.[39merror([32m`Error checking ${scanType} eligibility:`[39m[33m,[39m error)[33m;[39m
     [90m     |[39m                   [31m[1m^[22m[39m
     [90m 121 |[39m           results[scanType] [33m=[39m [36mnull[39m[33m;[39m
     [90m 122 |[39m
     [90m 123 |[39m           [90m// Détecter les erreurs réseau[39m[0m

      at error (screens/ScannerScreen.tsx:120:19)
          at Generator.throw (<anonymous>)
      at asyncGeneratorStep (node_modules/@babel/runtime/helpers/asyncToGenerator.js:3:17)
      at _throw (node_modules/@babel/runtime/helpers/asyncToGenerator.js:20:9)

  console.error
    Error checking body eligibility: Error: Failed
        at Object.<anonymous> (C:\Users\maloh\Downloads\1-main\__tests__\screens\ScannerScreen.test.tsx:465:32)
        at Generator.next (<anonymous>)
        at asyncGeneratorStep (C:\Users\maloh\Downloads\1-main\node_modules\@babel\runtime\helpers\asyncToGenerator.js:3:17)
        at _next (C:\Users\maloh\Downloads\1-main\node_modules\@babel\runtime\helpers\asyncToGenerator.js:17:9)
        at C:\Users\maloh\Downloads\1-main\node_modules\@babel\runtime\helpers\asyncToGenerator.js:22:7
        at new Promise (<anonymous>)
        at Object.<anonymous> (C:\Users\maloh\Downloads\1-main\node_modules\@babel\runtime\helpers\asyncToGenerator.js:14:12)
        at Promise.finally.completed (C:\Users\maloh\Downloads\1-main\node_modules\jest-circus\build\jestAdapterInit.js:1557:28)
        at new Promise (<anonymous>)
        at callAsyncCircusFn (C:\Users\maloh\Downloads\1-main\node_modules\jest-circus\build\jestAdapterInit.js:1497:10)
        at _callCircusTest (C:\Users\maloh\Downloads\1-main\node_modules\jest-circus\build\jestAdapterInit.js:1007:40)
        at _runTest (C:\Users\maloh\Downloads\1-main\node_modules\jest-circus\build\jestAdapterInit.js:947:3)
        at C:\Users\maloh\Downloads\1-main\node_modules\jest-circus\build\jestAdapterInit.js:849:7
        at _runTestsForDescribeBlock (C:\Users\maloh\Downloads\1-main\node_modules\jest-circus\build\jestAdapterInit.js:862:11)
        at _runTestsForDescribeBlock (C:\Users\maloh\Downloads\1-main\node_modules\jest-circus\build\jestAdapterInit.js:857:11)
        at _runTestsForDescribeBlock (C:\Users\maloh\Downloads\1-main\node_modules\jest-circus\build\jestAdapterInit.js:857:11)
        at run (C:\Users\maloh\Downloads\1-main\node_modules\jest-circus\build\jestAdapterInit.js:761:3)
        at runAndTransformResultsToJestFormat (C:\Users\maloh\Downloads\1-main\node_modules\jest-circus\build\jestAdapterInit.js:1918:21)
        at jestAdapter (C:\Users\maloh\Downloads\1-main\node_modules\jest-circus\build\runner.js:101:19)
        at runTestInternal (C:\Users\maloh\Downloads\1-main\node_modules\jest-runner\build\index.js:275:16)
        at runTest (C:\Users\maloh\Downloads\1-main\node_modules\jest-runner\build\index.js:343:7)

    [0m [90m 118 |[39m           results[scanType] [33m=[39m result[33m;[39m
     [90m 119 |[39m         } [36mcatch[39m (error[33m:[39m any) {
    [31m[1m>[22m[39m[90m 120 |[39m           console[33m.[39merror([32m`Error checking ${scanType} eligibility:`[39m[33m,[39m error)[33m;[39m
     [90m     |[39m                   [31m[1m^[22m[39m
     [90m 121 |[39m           results[scanType] [33m=[39m [36mnull[39m[33m;[39m
     [90m 122 |[39m
     [90m 123 |[39m           [90m// Détecter les erreurs réseau[39m[0m

      at error (screens/ScannerScreen.tsx:120:19)
          at Generator.throw (<anonymous>)
      at asyncGeneratorStep (node_modules/@babel/runtime/helpers/asyncToGenerator.js:3:17)
      at _throw (node_modules/@babel/runtime/helpers/asyncToGenerator.js:20:9)

FAIL __tests__/screens/ScannerScreen.test.tsx (14.902 s)
  ScannerScreen
    camera permissions
      √ shows loading spinner when permission is undefined (96 ms)
      √ shows permission request UI when not granted (103 ms)
      √ calls requestPermission when Autoriser button is pressed (61 ms)
    scan type selection
      × renders all scan type buttons (1016 ms)
      × disables scan type buttons when limit is reached (1011 ms)
    welcome credits
      × shows welcome credits banner when available (1012 ms)
      × allows scan selection with welcome credits even if not otherwise allowed (1004 ms)
    premium prompt
      × shows premium prompt for free users without welcome credits (1008 ms)
      × does not show premium prompt for premium users (1005 ms)
    capture actions
      × shows alert when trying to capture without selecting scan type (1011 ms)
      × checks eligibility before proceeding with scan (1016 ms)
      × allows selecting scan type when eligibility check passes (1016 ms)
      × allows scan when welcome credits are available (1008 ms)
    image picker
      × requires scan type selection before picking image (1015 ms)
    scan eligibility refresh
      × refreshes eligibility when screen gains focus (1005 ms)
      √ displays updated eligibility counts (63 ms)
    error handling
      × handles eligibility check error gracefully (1005 ms)
      × shows scan types even when some eligibility checks fail (1006 ms)

  ● ScannerScreen › scan type selection › renders all scan type buttons

    Unable to find an element with text: /Santé/

    [36m<View>[39m
      [36m<CameraView>[39m
        [36m<View>[39m
          [36m<View>[39m
            [36m<View[39m
              [33maccessibilityState[39m=[32m{
                {
                  "disabled": false,
                }
              }[39m
              [33maccessible[39m=[32m{true}[39m
            [36m>[39m
              [36m<Text>[39m
                [0mVisage[0m
              [36m</Text>[39m
              [36m<Text>[39m
                [0m1 scan par semaine[0m
              [36m</Text>[39m
              [36m<Text>[39m
                [0m0[0m
                [0m/[0m
                [0m1[0m
              [36m</Text>[39m
            [36m</View>[39m
          [36m</View>[39m
          [36m<View>[39m
            [36m<View[39m
              [33maccessibilityState[39m=[32m{
                {
                  "disabled": false,
                }
              }[39m
              [33maccessible[39m=[32m{true}[39m
            [36m>[39m
              [36m<Text>[39m
                [0mCorps[0m
              [36m</Text>[39m
              [36m<Text>[39m
                [0m1 scan par mois[0m
              [36m</Text>[39m
              [36m<Text>[39m
                [0m0[0m
                [0m/[0m
                [0m1[0m
              [36m</Text>[39m
            [36m</View>[39m
          [36m</View>[39m
          [36m<View>[39m
            [36m<View[39m
              [33maccessibilityState[39m=[32m{
                {
                  "disabled": false,
                }
              }[39m
              [33maccessible[39m=[32m{true}[39m
            [36m>[39m
              [36m<Text>[39m
                [0mNutrition[0m
              [36m</Text>[39m
              [36m<Text>[39m
                [0m1 scan tous les 3 jours[0m
              [36m</Text>[39m
              [36m<Text>[39m
                [0m0[0m
                [0m/[0m
                [0m1[0m
              [36m</Text>[39m
            [36m</View>[39m
          [36m</View>[39m
          [36m<View>[39m
            [36m<View[39m
              [33maccessibilityState[39m=[32m{
                {
                  "disabled": false,
                }
              }[39m
              [33maccessible[39m=[32m{true}[39m
            [36m>[39m
              [36m<View>[39m
                [36m<Sparkles />[39m
                [36m<Text>[39m
                  [0mSuper[0m
                [36m</Text>[39m
              [36m</View>[39m
              [36m<View>[39m
                [36m<Crown />[39m
                [36m<Text>[39m
                  [0mPremium[0m
                [36m</Text>[39m
              [36m</View>[39m
            [36m</View>[39m
          [36m</View>[39m
        [36m</View>[39m
        [36m<View>[39m
          [36m<View[39m
            [33maccessibilityState[39m=[32m{
              {
                "disabled": false,
              }
            }[39m
            [33maccessible[39m=[32m{true}[39m
          [36m>[39m
            [36m<Image />[39m
          [36m</View>[39m
          [36m<View[39m
            [33maccessibilityState[39m=[32m{
              {
                "disabled": false,
              }
            }[39m
            [33maccessible[39m=[32m{true}[39m
          [36m>[39m
            [36m<View>[39m
              [36m<View />[39m
            [36m</View>[39m
          [36m</View>[39m
          [36m<View[39m
            [33maccessible[39m=[32m{true}[39m
          [36m>[39m
            [36m<FlipHorizontal />[39m
          [36m</View>[39m
        [36m</View>[39m
      [36m</CameraView>[39m
    [36m</View>[39m

    [0m [90m 167 |[39m       render([33m<[39m[33mScannerScreen[39m [33m/[39m[33m>[39m)[33m;[39m
     [90m 168 |[39m
    [31m[1m>[22m[39m[90m 169 |[39m       [36mawait[39m waitFor(() [33m=>[39m {
     [90m     |[39m                    [31m[1m^[22m[39m
     [90m 170 |[39m         expect(screen[33m.[39mgetByText([35m/Santé/[39m))[33m.[39mtoBeTruthy()[33m;[39m
     [90m 171 |[39m         expect(screen[33m.[39mgetByText([32m'Corps'[39m))[33m.[39mtoBeTruthy()[33m;[39m
     [90m 172 |[39m         expect(screen[33m.[39mgetByText([32m'Nutrition'[39m))[33m.[39mtoBeTruthy()[33m;[39m[0m

      at Object.<anonymous> (__tests__/screens/ScannerScreen.test.tsx:169:20)
      at asyncGeneratorStep (node_modules/@babel/runtime/helpers/asyncToGenerator.js:3:17)
      at _next (node_modules/@babel/runtime/helpers/asyncToGenerator.js:17:9)
      at node_modules/@babel/runtime/helpers/asyncToGenerator.js:22:7
      at Object.<anonymous> (node_modules/@babel/runtime/helpers/asyncToGenerator.js:14:12)

  ● ScannerScreen › scan type selection › disables scan type buttons when limit is reached

    Unable to find an element with text: /Santé/

    [36m<View>[39m
      [36m<CameraView>[39m
        [36m<View>[39m
          [36m<View>[39m
            [36m<View[39m
              [33maccessibilityState[39m=[32m{
                {
                  "disabled": true,
                }
              }[39m
              [33maccessible[39m=[32m{true}[39m
            [36m>[39m
              [36m<Text>[39m
                [0mVisage[0m
              [36m</Text>[39m
              [36m<Text>[39m
                [0m1 scan par semaine[0m
              [36m</Text>[39m
              [36m<Text>[39m
                [0m1[0m
                [0m/[0m
                [0m1[0m
              [36m</Text>[39m
            [36m</View>[39m
          [36m</View>[39m
          [36m<View>[39m
            [36m<View[39m
              [33maccessibilityState[39m=[32m{
                {
                  "disabled": true,
                }
              }[39m
              [33maccessible[39m=[32m{true}[39m
            [36m>[39m
              [36m<Text>[39m
                [0mCorps[0m
              [36m</Text>[39m
              [36m<Text>[39m
                [0m1 scan par mois[0m
              [36m</Text>[39m
              [36m<Text>[39m
                [0m1[0m
                [0m/[0m
                [0m1[0m
              [36m</Text>[39m
            [36m</View>[39m
          [36m</View>[39m
          [36m<View>[39m
            [36m<View[39m
              [33maccessibilityState[39m=[32m{
                {
                  "disabled": true,
                }
              }[39m
              [33maccessible[39m=[32m{true}[39m
            [36m>[39m
              [36m<Text>[39m
                [0mNutrition[0m
              [36m</Text>[39m
              [36m<Text>[39m
                [0m1 scan tous les 3 jours[0m
              [36m</Text>[39m
              [36m<Text>[39m
                [0m1[0m
                [0m/[0m
                [0m1[0m
              [36m</Text>[39m
            [36m</View>[39m
          [36m</View>[39m
          [36m<View>[39m
            [36m<View[39m
              [33maccessibilityState[39m=[32m{
                {
                  "disabled": false,
                }
              }[39m
              [33maccessible[39m=[32m{true}[39m
            [36m>[39m
              [36m<View>[39m
                [36m<Sparkles />[39m
                [36m<Text>[39m
                  [0mSuper[0m
                [36m</Text>[39m
              [36m</View>[39m
              [36m<View>[39m
                [36m<Crown />[39m
                [36m<Text>[39m
                  [0mPremium[0m
                [36m</Text>[39m
              [36m</View>[39m
            [36m</View>[39m
          [36m</View>[39m
        [36m</View>[39m
        [36m<View>[39m
          [36m<View[39m
            [33maccessibilityState[39m=[32m{
              {
                "disabled": false,
              }
            }[39m
            [33maccessible[39m=[32m{true}[39m
          [36m>[39m
            [36m<Image />[39m
          [36m</View>[39m
          [36m<View[39m
            [33maccessibilityState[39m=[32m{
              {
                "disabled": false,
              }
            }[39m
            [33maccessible[39m=[32m{true}[39m
          [36m>[39m
            [36m<View>[39m
              [36m<View />[39m
            [36m</View>[39m
          [36m</View>[39m
          [36m<View[39m
            [33maccessible[39m=[32m{true}[39m
          [36m>[39m
            [36m<FlipHorizontal />[39m
          [36m</View>[39m
        [36m</View>[39m
      [36m</CameraView>[39m
    [36m</View>[39m

    [0m [90m 186 |[39m       render([33m<[39m[33mScannerScreen[39m [33m/[39m[33m>[39m)[33m;[39m
     [90m 187 |[39m
    [31m[1m>[22m[39m[90m 188 |[39m       [36mawait[39m waitFor(() [33m=>[39m {
     [90m     |[39m                    [31m[1m^[22m[39m
     [90m 189 |[39m         expect(screen[33m.[39mgetByText([35m/Santé/[39m))[33m.[39mtoBeTruthy()[33m;[39m
     [90m 190 |[39m       })[33m;[39m
     [90m 191 |[39m[0m

      at Object.<anonymous> (__tests__/screens/ScannerScreen.test.tsx:188:20)
      at asyncGeneratorStep (node_modules/@babel/runtime/helpers/asyncToGenerator.js:3:17)
      at _next (node_modules/@babel/runtime/helpers/asyncToGenerator.js:17:9)
      at node_modules/@babel/runtime/helpers/asyncToGenerator.js:22:7
      at Object.<anonymous> (node_modules/@babel/runtime/helpers/asyncToGenerator.js:14:12)

  ● ScannerScreen › welcome credits › shows welcome credits banner when available

    Unable to find an element with text: /Offre de bienvenue/

    [36m<View>[39m
      [36m<CameraView>[39m
        [36m<View>[39m
          [36m<View>[39m
            [36m<View[39m
              [33maccessibilityState[39m=[32m{
                {
                  "disabled": false,
                }
              }[39m
              [33maccessible[39m=[32m{true}[39m
            [36m>[39m
              [36m<Text>[39m
                [0mVisage[0m
              [36m</Text>[39m
              [36m<View>[39m
                [36m<Gift />[39m
              [36m</View>[39m
            [36m</View>[39m
          [36m</View>[39m
          [36m<View>[39m
            [36m<View[39m
              [33maccessibilityState[39m=[32m{
                {
                  "disabled": false,
                }
              }[39m
              [33maccessible[39m=[32m{true}[39m
            [36m>[39m
              [36m<Text>[39m
                [0mCorps[0m
              [36m</Text>[39m
              [36m<View>[39m
                [36m<Gift />[39m
              [36m</View>[39m
            [36m</View>[39m
          [36m</View>[39m
          [36m<View>[39m
            [36m<View[39m
              [33maccessibilityState[39m=[32m{
                {
                  "disabled": false,
                }
              }[39m
              [33maccessible[39m=[32m{true}[39m
            [36m>[39m
              [36m<Text>[39m
                [0mNutrition[0m
              [36m</Text>[39m
              [36m<View>[39m
                [36m<Gift />[39m
              [36m</View>[39m
            [36m</View>[39m
          [36m</View>[39m
          [36m<View>[39m
            [36m<View[39m
              [33maccessibilityState[39m=[32m{
                {
                  "disabled": false,
                }
              }[39m
              [33maccessible[39m=[32m{true}[39m
            [36m>[39m
              [36m<View>[39m
                [36m<Sparkles />[39m
                [36m<Text>[39m
                  [0mSuper[0m
                [36m</Text>[39m
              [36m</View>[39m
              [36m<View>[39m
                [36m<Crown />[39m
                [36m<Text>[39m
                  [0mPremium[0m
                [36m</Text>[39m
              [36m</View>[39m
            [36m</View>[39m
          [36m</View>[39m
        [36m</View>[39m
        [36m<View>[39m
          [36m<View[39m
            [33maccessibilityState[39m=[32m{
              {
                "disabled": false,
              }
            }[39m
            [33maccessible[39m=[32m{true}[39m
          [36m>[39m
            [36m<Image />[39m
          [36m</View>[39m
          [36m<View[39m
            [33maccessibilityState[39m=[32m{
              {
                "disabled": false,
              }
            }[39m
            [33maccessible[39m=[32m{true}[39m
          [36m>[39m
            [36m<View>[39m
              [36m<View />[39m
            [36m</View>[39m
          [36m</View>[39m
          [36m<View[39m
            [33maccessible[39m=[32m{true}[39m
          [36m>[39m
            [36m<FlipHorizontal />[39m
          [36m</View>[39m
        [36m</View>[39m
      [36m</CameraView>[39m
    [36m</View>[39m

    [0m [90m 217 |[39m       render([33m<[39m[33mScannerScreen[39m [33m/[39m[33m>[39m)[33m;[39m
     [90m 218 |[39m
    [31m[1m>[22m[39m[90m 219 |[39m       [36mawait[39m waitFor(() [33m=>[39m {
     [90m     |[39m                    [31m[1m^[22m[39m
     [90m 220 |[39m         expect(screen[33m.[39mgetByText([35m/Offre de bienvenue/[39m))[33m.[39mtoBeTruthy()[33m;[39m
     [90m 221 |[39m       })[33m;[39m
     [90m 222 |[39m     })[33m;[39m[0m

      at Object.<anonymous> (__tests__/screens/ScannerScreen.test.tsx:219:20)
      at asyncGeneratorStep (node_modules/@babel/runtime/helpers/asyncToGenerator.js:3:17)
      at _next (node_modules/@babel/runtime/helpers/asyncToGenerator.js:17:9)
      at node_modules/@babel/runtime/helpers/asyncToGenerator.js:22:7
      at Object.<anonymous> (node_modules/@babel/runtime/helpers/asyncToGenerator.js:14:12)

  ● ScannerScreen › welcome credits › allows scan selection with welcome credits even if not otherwise allowed

    Unable to find an element with text: /Santé/

    [36m<View>[39m
      [36m<CameraView>[39m
        [36m<View>[39m
          [36m<View>[39m
            [36m<View[39m
              [33maccessibilityState[39m=[32m{
                {
                  "disabled": false,
                }
              }[39m
              [33maccessible[39m=[32m{true}[39m
            [36m>[39m
              [36m<Text>[39m
                [0mVisage[0m
              [36m</Text>[39m
              [36m<View>[39m
                [36m<Gift />[39m
              [36m</View>[39m
            [36m</View>[39m
          [36m</View>[39m
          [36m<View>[39m
            [36m<View[39m
              [33maccessibilityState[39m=[32m{
                {
                  "disabled": false,
                }
              }[39m
              [33maccessible[39m=[32m{true}[39m
            [36m>[39m
              [36m<Text>[39m
                [0mCorps[0m
              [36m</Text>[39m
              [36m<View>[39m
                [36m<Gift />[39m
              [36m</View>[39m
            [36m</View>[39m
          [36m</View>[39m
          [36m<View>[39m
            [36m<View[39m
              [33maccessibilityState[39m=[32m{
                {
                  "disabled": false,
                }
              }[39m
              [33maccessible[39m=[32m{true}[39m
            [36m>[39m
              [36m<Text>[39m
                [0mNutrition[0m
              [36m</Text>[39m
              [36m<View>[39m
                [36m<Gift />[39m
              [36m</View>[39m
            [36m</View>[39m
          [36m</View>[39m
          [36m<View>[39m
            [36m<View[39m
              [33maccessibilityState[39m=[32m{
                {
                  "disabled": false,
                }
              }[39m
              [33maccessible[39m=[32m{true}[39m
            [36m>[39m
              [36m<View>[39m
                [36m<Sparkles />[39m
                [36m<Text>[39m
                  [0mSuper[0m
                [36m</Text>[39m
              [36m</View>[39m
              [36m<View>[39m
                [36m<Crown />[39m
                [36m<Text>[39m
                  [0mPremium[0m
                [36m</Text>[39m
              [36m</View>[39m
            [36m</View>[39m
          [36m</View>[39m
        [36m</View>[39m
        [36m<View>[39m
          [36m<View[39m
            [33maccessibilityState[39m=[32m{
              {
                "disabled": false,
              }
            }[39m
            [33maccessible[39m=[32m{true}[39m
          [36m>[39m
            [36m<Image />[39m
          [36m</View>[39m
          [36m<View[39m
            [33maccessibilityState[39m=[32m{
              {
                "disabled": false,
              }
            }[39m
            [33maccessible[39m=[32m{true}[39m
          [36m>[39m
            [36m<View>[39m
              [36m<View />[39m
            [36m</View>[39m
          [36m</View>[39m
          [36m<View[39m
            [33maccessible[39m=[32m{true}[39m
          [36m>[39m
            [36m<FlipHorizontal />[39m
          [36m</View>[39m
        [36m</View>[39m
      [36m</CameraView>[39m
    [36m</View>[39m

    [0m [90m 232 |[39m       render([33m<[39m[33mScannerScreen[39m [33m/[39m[33m>[39m)[33m;[39m
     [90m 233 |[39m
    [31m[1m>[22m[39m[90m 234 |[39m       [36mawait[39m waitFor(() [33m=>[39m {
     [90m     |[39m                    [31m[1m^[22m[39m
     [90m 235 |[39m         expect(screen[33m.[39mgetByText([35m/Santé/[39m))[33m.[39mtoBeTruthy()[33m;[39m
     [90m 236 |[39m       })[33m;[39m
     [90m 237 |[39m[0m

      at Object.<anonymous> (__tests__/screens/ScannerScreen.test.tsx:234:20)
      at asyncGeneratorStep (node_modules/@babel/runtime/helpers/asyncToGenerator.js:3:17)
      at _next (node_modules/@babel/runtime/helpers/asyncToGenerator.js:17:9)
      at node_modules/@babel/runtime/helpers/asyncToGenerator.js:22:7
      at Object.<anonymous> (node_modules/@babel/runtime/helpers/asyncToGenerator.js:14:12)

  ● ScannerScreen › premium prompt › shows premium prompt for free users without welcome credits

    Unable to find an element with text: /Passez a Premium/

    [36m<View>[39m
      [36m<CameraView>[39m
        [36m<View>[39m
          [36m<View>[39m
            [36m<View[39m
              [33maccessibilityState[39m=[32m{
                {
                  "disabled": false,
                }
              }[39m
              [33maccessible[39m=[32m{true}[39m
            [36m>[39m
              [36m<Text>[39m
                [0mVisage[0m
              [36m</Text>[39m
              [36m<Text>[39m
                [0m1 scan par semaine[0m
              [36m</Text>[39m
              [36m<Text>[39m
                [0m0[0m
                [0m/[0m
                [0m1[0m
              [36m</Text>[39m
            [36m</View>[39m
          [36m</View>[39m
          [36m<View>[39m
            [36m<View[39m
              [33maccessibilityState[39m=[32m{
                {
                  "disabled": false,
                }
              }[39m
              [33maccessible[39m=[32m{true}[39m
            [36m>[39m
              [36m<Text>[39m
                [0mCorps[0m
              [36m</Text>[39m
              [36m<Text>[39m
                [0m1 scan par mois[0m
              [36m</Text>[39m
              [36m<Text>[39m
                [0m0[0m
                [0m/[0m
                [0m1[0m
              [36m</Text>[39m
            [36m</View>[39m
          [36m</View>[39m
          [36m<View>[39m
            [36m<View[39m
              [33maccessibilityState[39m=[32m{
                {
                  "disabled": false,
                }
              }[39m
              [33maccessible[39m=[32m{true}[39m
            [36m>[39m
              [36m<Text>[39m
                [0mNutrition[0m
              [36m</Text>[39m
              [36m<Text>[39m
                [0m1 scan tous les 3 jours[0m
              [36m</Text>[39m
              [36m<Text>[39m
                [0m0[0m
                [0m/[0m
                [0m1[0m
              [36m</Text>[39m
            [36m</View>[39m
          [36m</View>[39m
          [36m<View>[39m
            [36m<View[39m
              [33maccessibilityState[39m=[32m{
                {
                  "disabled": false,
                }
              }[39m
              [33maccessible[39m=[32m{true}[39m
            [36m>[39m
              [36m<View>[39m
                [36m<Sparkles />[39m
                [36m<Text>[39m
                  [0mSuper[0m
                [36m</Text>[39m
              [36m</View>[39m
              [36m<View>[39m
                [36m<Crown />[39m
                [36m<Text>[39m
                  [0mPremium[0m
                [36m</Text>[39m
              [36m</View>[39m
            [36m</View>[39m
          [36m</View>[39m
        [36m</View>[39m
        [36m<View>[39m
          [36m<View[39m
            [33maccessibilityState[39m=[32m{
              {
                "disabled": false,
              }
            }[39m
            [33maccessible[39m=[32m{true}[39m
          [36m>[39m
            [36m<Image />[39m
          [36m</View>[39m
          [36m<View[39m
            [33maccessibilityState[39m=[32m{
              {
                "disabled": false,
              }
            }[39m
            [33maccessible[39m=[32m{true}[39m
          [36m>[39m
            [36m<View>[39m
              [36m<View />[39m
            [36m</View>[39m
          [36m</View>[39m
          [36m<View[39m
            [33maccessible[39m=[32m{true}[39m
          [36m>[39m
            [36m<FlipHorizontal />[39m
          [36m</View>[39m
        [36m</View>[39m
      [36m</CameraView>[39m
    [36m</View>[39m

    [0m [90m 262 |[39m       render([33m<[39m[33mScannerScreen[39m [33m/[39m[33m>[39m)[33m;[39m
     [90m 263 |[39m
    [31m[1m>[22m[39m[90m 264 |[39m       [36mawait[39m waitFor(() [33m=>[39m {
     [90m     |[39m                    [31m[1m^[22m[39m
     [90m 265 |[39m         expect(screen[33m.[39mgetByText([35m/Passez a Premium/[39m))[33m.[39mtoBeTruthy()[33m;[39m
     [90m 266 |[39m       })[33m;[39m
     [90m 267 |[39m     })[33m;[39m[0m

      at Object.<anonymous> (__tests__/screens/ScannerScreen.test.tsx:264:20)
      at asyncGeneratorStep (node_modules/@babel/runtime/helpers/asyncToGenerator.js:3:17)
      at _next (node_modules/@babel/runtime/helpers/asyncToGenerator.js:17:9)
      at node_modules/@babel/runtime/helpers/asyncToGenerator.js:22:7
      at Object.<anonymous> (node_modules/@babel/runtime/helpers/asyncToGenerator.js:14:12)

  ● ScannerScreen › premium prompt › does not show premium prompt for premium users

    Unable to find an element with text: Scanner

    [36m<View>[39m
      [36m<CameraView>[39m
        [36m<View>[39m
          [36m<View>[39m
            [36m<View[39m
              [33maccessibilityState[39m=[32m{
                {
                  "disabled": false,
                }
              }[39m
              [33maccessible[39m=[32m{true}[39m
            [36m>[39m
              [36m<Text>[39m
                [0mVisage[0m
              [36m</Text>[39m
              [36m<Text>[39m
                [0m3 scans par jour[0m
              [36m</Text>[39m
              [36m<Text>[39m
                [0m0[0m
                [0m/[0m
                [0m3[0m
              [36m</Text>[39m
            [36m</View>[39m
          [36m</View>[39m
          [36m<View>[39m
            [36m<View[39m
              [33maccessibilityState[39m=[32m{
                {
                  "disabled": false,
                }
              }[39m
              [33maccessible[39m=[32m{true}[39m
            [36m>[39m
              [36m<Text>[39m
                [0mCorps[0m
              [36m</Text>[39m
              [36m<Text>[39m
                [0m3 scans par jour[0m
              [36m</Text>[39m
              [36m<Text>[39m
                [0m0[0m
                [0m/[0m
                [0m3[0m
              [36m</Text>[39m
            [36m</View>[39m
          [36m</View>[39m
          [36m<View>[39m
            [36m<View[39m
              [33maccessibilityState[39m=[32m{
                {
                  "disabled": false,
                }
              }[39m
              [33maccessible[39m=[32m{true}[39m
            [36m>[39m
              [36m<Text>[39m
                [0mNutrition[0m
              [36m</Text>[39m
              [36m<Text>[39m
                [0m3 scans par jour[0m
              [36m</Text>[39m
              [36m<Text>[39m
                [0m0[0m
                [0m/[0m
                [0m3[0m
              [36m</Text>[39m
            [36m</View>[39m
          [36m</View>[39m
          [36m<View>[39m
            [36m<View[39m
              [33maccessibilityState[39m=[32m{
                {
                  "disabled": false,
                }
              }[39m
              [33maccessible[39m=[32m{true}[39m
            [36m>[39m
              [36m<View>[39m
                [36m<Sparkles />[39m
                [36m<Text>[39m
                  [0mSuper[0m
                [36m</Text>[39m
              [36m</View>[39m
              [36m<Text>[39m
                [0m1/jour[0m
              [36m</Text>[39m
            [36m</View>[39m
          [36m</View>[39m
        [36m</View>[39m
        [36m<View>[39m
          [36m<View[39m
            [33maccessibilityState[39m=[32m{
              {
                "disabled": false,
              }
            }[39m
            [33maccessible[39m=[32m{true}[39m
          [36m>[39m
            [36m<Image />[39m
          [36m</View>[39m
          [36m<View[39m
            [33maccessibilityState[39m=[32m{
              {
                "disabled": false,
              }
            }[39m
            [33maccessible[39m=[32m{true}[39m
          [36m>[39m
            [36m<View>[39m
              [36m<View />[39m
            [36m</View>[39m
          [36m</View>[39m
          [36m<View[39m
            [33maccessible[39m=[32m{true}[39m
          [36m>[39m
            [36m<FlipHorizontal />[39m
          [36m</View>[39m
        [36m</View>[39m
      [36m</CameraView>[39m
    [36m</View>[39m

    [0m [90m 278 |[39m       render([33m<[39m[33mScannerScreen[39m [33m/[39m[33m>[39m)[33m;[39m
     [90m 279 |[39m
    [31m[1m>[22m[39m[90m 280 |[39m       [36mawait[39m waitFor(() [33m=>[39m {
     [90m     |[39m                    [31m[1m^[22m[39m
     [90m 281 |[39m         expect(screen[33m.[39mgetByText([32m'Scanner'[39m))[33m.[39mtoBeTruthy()[33m;[39m
     [90m 282 |[39m       })[33m;[39m
     [90m 283 |[39m[0m

      at Object.<anonymous> (__tests__/screens/ScannerScreen.test.tsx:280:20)
      at asyncGeneratorStep (node_modules/@babel/runtime/helpers/asyncToGenerator.js:3:17)
      at _next (node_modules/@babel/runtime/helpers/asyncToGenerator.js:17:9)
      at node_modules/@babel/runtime/helpers/asyncToGenerator.js:22:7
      at Object.<anonymous> (node_modules/@babel/runtime/helpers/asyncToGenerator.js:14:12)

  ● ScannerScreen › capture actions › shows alert when trying to capture without selecting scan type

    Unable to find an element with text: Scanner

    [36m<View>[39m
      [36m<CameraView>[39m
        [36m<View>[39m
          [36m<View>[39m
            [36m<View[39m
              [33maccessibilityState[39m=[32m{
                {
                  "disabled": false,
                }
              }[39m
              [33maccessible[39m=[32m{true}[39m
            [36m>[39m
              [36m<Text>[39m
                [0mVisage[0m
              [36m</Text>[39m
              [36m<Text>[39m
                [0m1 scan par semaine[0m
              [36m</Text>[39m
              [36m<Text>[39m
                [0m0[0m
                [0m/[0m
                [0m1[0m
              [36m</Text>[39m
            [36m</View>[39m
          [36m</View>[39m
          [36m<View>[39m
            [36m<View[39m
              [33maccessibilityState[39m=[32m{
                {
                  "disabled": false,
                }
              }[39m
              [33maccessible[39m=[32m{true}[39m
            [36m>[39m
              [36m<Text>[39m
                [0mCorps[0m
              [36m</Text>[39m
              [36m<Text>[39m
                [0m1 scan par mois[0m
              [36m</Text>[39m
              [36m<Text>[39m
                [0m0[0m
                [0m/[0m
                [0m1[0m
              [36m</Text>[39m
            [36m</View>[39m
          [36m</View>[39m
          [36m<View>[39m
            [36m<View[39m
              [33maccessibilityState[39m=[32m{
                {
                  "disabled": false,
                }
              }[39m
              [33maccessible[39m=[32m{true}[39m
            [36m>[39m
              [36m<Text>[39m
                [0mNutrition[0m
              [36m</Text>[39m
              [36m<Text>[39m
                [0m1 scan tous les 3 jours[0m
              [36m</Text>[39m
              [36m<Text>[39m
                [0m0[0m
                [0m/[0m
                [0m1[0m
              [36m</Text>[39m
            [36m</View>[39m
          [36m</View>[39m
          [36m<View>[39m
            [36m<View[39m
              [33maccessibilityState[39m=[32m{
                {
                  "disabled": false,
                }
              }[39m
              [33maccessible[39m=[32m{true}[39m
            [36m>[39m
              [36m<View>[39m
                [36m<Sparkles />[39m
                [36m<Text>[39m
                  [0mSuper[0m
                [36m</Text>[39m
              [36m</View>[39m
              [36m<View>[39m
                [36m<Crown />[39m
                [36m<Text>[39m
                  [0mPremium[0m
                [36m</Text>[39m
              [36m</View>[39m
            [36m</View>[39m
          [36m</View>[39m
        [36m</View>[39m
        [36m<View>[39m
          [36m<View[39m
            [33maccessibilityState[39m=[32m{
              {
                "disabled": false,
              }
            }[39m
            [33maccessible[39m=[32m{true}[39m
          [36m>[39m
            [36m<Image />[39m
          [36m</View>[39m
          [36m<View[39m
            [33maccessibilityState[39m=[32m{
              {
                "disabled": false,
              }
            }[39m
            [33maccessible[39m=[32m{true}[39m
          [36m>[39m
            [36m<View>[39m
              [36m<View />[39m
            [36m</View>[39m
          [36m</View>[39m
          [36m<View[39m
            [33maccessible[39m=[32m{true}[39m
          [36m>[39m
            [36m<FlipHorizontal />[39m
          [36m</View>[39m
        [36m</View>[39m
      [36m</CameraView>[39m
    [36m</View>[39m

    [0m [90m 297 |[39m       render([33m<[39m[33mScannerScreen[39m [33m/[39m[33m>[39m)[33m;[39m
     [90m 298 |[39m
    [31m[1m>[22m[39m[90m 299 |[39m       [36mawait[39m waitFor(() [33m=>[39m {
     [90m     |[39m                    [31m[1m^[22m[39m
     [90m 300 |[39m         expect(screen[33m.[39mgetByText([32m'Scanner'[39m))[33m.[39mtoBeTruthy()[33m;[39m
     [90m 301 |[39m       })[33m;[39m
     [90m 302 |[39m[0m

      at Object.<anonymous> (__tests__/screens/ScannerScreen.test.tsx:299:20)
      at asyncGeneratorStep (node_modules/@babel/runtime/helpers/asyncToGenerator.js:3:17)
      at _next (node_modules/@babel/runtime/helpers/asyncToGenerator.js:17:9)
      at node_modules/@babel/runtime/helpers/asyncToGenerator.js:22:7
      at Object.<anonymous> (node_modules/@babel/runtime/helpers/asyncToGenerator.js:14:12)

  ● ScannerScreen › capture actions › checks eligibility before proceeding with scan

    Unable to find an element with text: /Santé/

    [36m<View>[39m
      [36m<CameraView>[39m
        [36m<View>[39m
          [36m<View>[39m
            [36m<View[39m
              [33maccessibilityState[39m=[32m{
                {
                  "disabled": false,
                }
              }[39m
              [33maccessible[39m=[32m{true}[39m
            [36m>[39m
              [36m<Text>[39m
                [0mVisage[0m
              [36m</Text>[39m
              [36m<Text>[39m
                [0m1 scan par semaine[0m
              [36m</Text>[39m
              [36m<Text>[39m
                [0m0[0m
                [0m/[0m
                [0m1[0m
              [36m</Text>[39m
            [36m</View>[39m
          [36m</View>[39m
          [36m<View>[39m
            [36m<View[39m
              [33maccessibilityState[39m=[32m{
                {
                  "disabled": false,
                }
              }[39m
              [33maccessible[39m=[32m{true}[39m
            [36m>[39m
              [36m<Text>[39m
                [0mCorps[0m
              [36m</Text>[39m
              [36m<Text>[39m
                [0m1 scan par mois[0m
              [36m</Text>[39m
              [36m<Text>[39m
                [0m0[0m
                [0m/[0m
                [0m1[0m
              [36m</Text>[39m
            [36m</View>[39m
          [36m</View>[39m
          [36m<View>[39m
            [36m<View[39m
              [33maccessibilityState[39m=[32m{
                {
                  "disabled": false,
                }
              }[39m
              [33maccessible[39m=[32m{true}[39m
            [36m>[39m
              [36m<Text>[39m
                [0mNutrition[0m
              [36m</Text>[39m
              [36m<Text>[39m
                [0m1 scan tous les 3 jours[0m
              [36m</Text>[39m
              [36m<Text>[39m
                [0m0[0m
                [0m/[0m
                [0m1[0m
              [36m</Text>[39m
            [36m</View>[39m
          [36m</View>[39m
          [36m<View>[39m
            [36m<View[39m
              [33maccessibilityState[39m=[32m{
                {
                  "disabled": false,
                }
              }[39m
              [33maccessible[39m=[32m{true}[39m
            [36m>[39m
              [36m<View>[39m
                [36m<Sparkles />[39m
                [36m<Text>[39m
                  [0mSuper[0m
                [36m</Text>[39m
              [36m</View>[39m
              [36m<View>[39m
                [36m<Crown />[39m
                [36m<Text>[39m
                  [0mPremium[0m
                [36m</Text>[39m
              [36m</View>[39m
            [36m</View>[39m
          [36m</View>[39m
        [36m</View>[39m
        [36m<View>[39m
          [36m<View[39m
            [33maccessibilityState[39m=[32m{
              {
                "disabled": false,
              }
            }[39m
            [33maccessible[39m=[32m{true}[39m
          [36m>[39m
            [36m<Image />[39m
          [36m</View>[39m
          [36m<View[39m
            [33maccessibilityState[39m=[32m{
              {
                "disabled": false,
              }
            }[39m
            [33maccessible[39m=[32m{true}[39m
          [36m>[39m
            [36m<View>[39m
              [36m<View />[39m
            [36m</View>[39m
          [36m</View>[39m
          [36m<View[39m
            [33maccessible[39m=[32m{true}[39m
          [36m>[39m
            [36m<FlipHorizontal />[39m
          [36m</View>[39m
        [36m</View>[39m
      [36m</CameraView>[39m
    [36m</View>[39m

    [0m [90m 315 |[39m       render([33m<[39m[33mScannerScreen[39m [33m/[39m[33m>[39m)[33m;[39m
     [90m 316 |[39m
    [31m[1m>[22m[39m[90m 317 |[39m       [36mawait[39m waitFor(() [33m=>[39m {
     [90m     |[39m                    [31m[1m^[22m[39m
     [90m 318 |[39m         expect(screen[33m.[39mgetByText([35m/Santé/[39m))[33m.[39mtoBeTruthy()[33m;[39m
     [90m 319 |[39m       })[33m;[39m
     [90m 320 |[39m[0m

      at Object.<anonymous> (__tests__/screens/ScannerScreen.test.tsx:317:20)
      at asyncGeneratorStep (node_modules/@babel/runtime/helpers/asyncToGenerator.js:3:17)
      at _next (node_modules/@babel/runtime/helpers/asyncToGenerator.js:17:9)
      at node_modules/@babel/runtime/helpers/asyncToGenerator.js:22:7
      at Object.<anonymous> (node_modules/@babel/runtime/helpers/asyncToGenerator.js:14:12)

  ● ScannerScreen › capture actions › allows selecting scan type when eligibility check passes

    Unable to find an element with text: /Santé/

    [36m<View>[39m
      [36m<CameraView>[39m
        [36m<View>[39m
          [36m<View>[39m
            [36m<View[39m
              [33maccessibilityState[39m=[32m{
                {
                  "disabled": false,
                }
              }[39m
              [33maccessible[39m=[32m{true}[39m
            [36m>[39m
              [36m<Text>[39m
                [0mVisage[0m
              [36m</Text>[39m
              [36m<Text>[39m
                [0m1 scan par semaine[0m
              [36m</Text>[39m
              [36m<Text>[39m
                [0m0[0m
                [0m/[0m
                [0m1[0m
              [36m</Text>[39m
            [36m</View>[39m
          [36m</View>[39m
          [36m<View>[39m
            [36m<View[39m
              [33maccessibilityState[39m=[32m{
                {
                  "disabled": false,
                }
              }[39m
              [33maccessible[39m=[32m{true}[39m
            [36m>[39m
              [36m<Text>[39m
                [0mCorps[0m
              [36m</Text>[39m
              [36m<Text>[39m
                [0m1 scan par mois[0m
              [36m</Text>[39m
              [36m<Text>[39m
                [0m0[0m
                [0m/[0m
                [0m1[0m
              [36m</Text>[39m
            [36m</View>[39m
          [36m</View>[39m
          [36m<View>[39m
            [36m<View[39m
              [33maccessibilityState[39m=[32m{
                {
                  "disabled": false,
                }
              }[39m
              [33maccessible[39m=[32m{true}[39m
            [36m>[39m
              [36m<Text>[39m
                [0mNutrition[0m
              [36m</Text>[39m
              [36m<Text>[39m
                [0m1 scan tous les 3 jours[0m
              [36m</Text>[39m
              [36m<Text>[39m
                [0m0[0m
                [0m/[0m
                [0m1[0m
              [36m</Text>[39m
            [36m</View>[39m
          [36m</View>[39m
          [36m<View>[39m
            [36m<View[39m
              [33maccessibilityState[39m=[32m{
                {
                  "disabled": false,
                }
              }[39m
              [33maccessible[39m=[32m{true}[39m
            [36m>[39m
              [36m<View>[39m
                [36m<Sparkles />[39m
                [36m<Text>[39m
                  [0mSuper[0m
                [36m</Text>[39m
              [36m</View>[39m
              [36m<View>[39m
                [36m<Crown />[39m
                [36m<Text>[39m
                  [0mPremium[0m
                [36m</Text>[39m
              [36m</View>[39m
            [36m</View>[39m
          [36m</View>[39m
        [36m</View>[39m
        [36m<View>[39m
          [36m<View[39m
            [33maccessibilityState[39m=[32m{
              {
                "disabled": false,
              }
            }[39m
            [33maccessible[39m=[32m{true}[39m
          [36m>[39m
            [36m<Image />[39m
          [36m</View>[39m
          [36m<View[39m
            [33maccessibilityState[39m=[32m{
              {
                "disabled": false,
              }
            }[39m
            [33maccessible[39m=[32m{true}[39m
          [36m>[39m
            [36m<View>[39m
              [36m<View />[39m
            [36m</View>[39m
          [36m</View>[39m
          [36m<View[39m
            [33maccessible[39m=[32m{true}[39m
          [36m>[39m
            [36m<FlipHorizontal />[39m
          [36m</View>[39m
        [36m</View>[39m
      [36m</CameraView>[39m
    [36m</View>[39m

    [0m [90m 338 |[39m       render([33m<[39m[33mScannerScreen[39m [33m/[39m[33m>[39m)[33m;[39m
     [90m 339 |[39m
    [31m[1m>[22m[39m[90m 340 |[39m       [36mawait[39m waitFor(() [33m=>[39m {
     [90m     |[39m                    [31m[1m^[22m[39m
     [90m 341 |[39m         expect(screen[33m.[39mgetByText([35m/Santé/[39m))[33m.[39mtoBeTruthy()[33m;[39m
     [90m 342 |[39m       })[33m;[39m
     [90m 343 |[39m[0m

      at Object.<anonymous> (__tests__/screens/ScannerScreen.test.tsx:340:20)
      at asyncGeneratorStep (node_modules/@babel/runtime/helpers/asyncToGenerator.js:3:17)
      at _next (node_modules/@babel/runtime/helpers/asyncToGenerator.js:17:9)
      at node_modules/@babel/runtime/helpers/asyncToGenerator.js:22:7
      at Object.<anonymous> (node_modules/@babel/runtime/helpers/asyncToGenerator.js:14:12)

  ● ScannerScreen › capture actions › allows scan when welcome credits are available

    Unable to find an element with text: /Santé/

    [36m<View>[39m
      [36m<CameraView>[39m
        [36m<View>[39m
          [36m<View>[39m
            [36m<View[39m
              [33maccessibilityState[39m=[32m{
                {
                  "disabled": false,
                }
              }[39m
              [33maccessible[39m=[32m{true}[39m
            [36m>[39m
              [36m<Text>[39m
                [0mVisage[0m
              [36m</Text>[39m
              [36m<View>[39m
                [36m<Gift />[39m
              [36m</View>[39m
            [36m</View>[39m
          [36m</View>[39m
          [36m<View>[39m
            [36m<View[39m
              [33maccessibilityState[39m=[32m{
                {
                  "disabled": false,
                }
              }[39m
              [33maccessible[39m=[32m{true}[39m
            [36m>[39m
              [36m<Text>[39m
                [0mCorps[0m
              [36m</Text>[39m
              [36m<View>[39m
                [36m<Gift />[39m
              [36m</View>[39m
            [36m</View>[39m
          [36m</View>[39m
          [36m<View>[39m
            [36m<View[39m
              [33maccessibilityState[39m=[32m{
                {
                  "disabled": false,
                }
              }[39m
              [33maccessible[39m=[32m{true}[39m
            [36m>[39m
              [36m<Text>[39m
                [0mNutrition[0m
              [36m</Text>[39m
              [36m<View>[39m
                [36m<Gift />[39m
              [36m</View>[39m
            [36m</View>[39m
          [36m</View>[39m
          [36m<View>[39m
            [36m<View[39m
              [33maccessibilityState[39m=[32m{
                {
                  "disabled": false,
                }
              }[39m
              [33maccessible[39m=[32m{true}[39m
            [36m>[39m
              [36m<View>[39m
                [36m<Sparkles />[39m
                [36m<Text>[39m
                  [0mSuper[0m
                [36m</Text>[39m
              [36m</View>[39m
              [36m<View>[39m
                [36m<Crown />[39m
                [36m<Text>[39m
                  [0mPremium[0m
                [36m</Text>[39m
              [36m</View>[39m
            [36m</View>[39m
          [36m</View>[39m
        [36m</View>[39m
        [36m<View>[39m
          [36m<View[39m
            [33maccessibilityState[39m=[32m{
              {
                "disabled": false,
              }
            }[39m
            [33maccessible[39m=[32m{true}[39m
          [36m>[39m
            [36m<Image />[39m
          [36m</View>[39m
          [36m<View[39m
            [33maccessibilityState[39m=[32m{
              {
                "disabled": false,
              }
            }[39m
            [33maccessible[39m=[32m{true}[39m
          [36m>[39m
            [36m<View>[39m
              [36m<View />[39m
            [36m</View>[39m
          [36m</View>[39m
          [36m<View[39m
            [33maccessible[39m=[32m{true}[39m
          [36m>[39m
            [36m<FlipHorizontal />[39m
          [36m</View>[39m
        [36m</View>[39m
      [36m</CameraView>[39m
    [36m</View>[39m

    [0m [90m 359 |[39m       render([33m<[39m[33mScannerScreen[39m [33m/[39m[33m>[39m)[33m;[39m
     [90m 360 |[39m
    [31m[1m>[22m[39m[90m 361 |[39m       [36mawait[39m waitFor(() [33m=>[39m {
     [90m     |[39m                    [31m[1m^[22m[39m
     [90m 362 |[39m         expect(screen[33m.[39mgetByText([35m/Santé/[39m))[33m.[39mtoBeTruthy()[33m;[39m
     [90m 363 |[39m       })[33m;[39m
     [90m 364 |[39m[0m

      at Object.<anonymous> (__tests__/screens/ScannerScreen.test.tsx:361:20)
      at asyncGeneratorStep (node_modules/@babel/runtime/helpers/asyncToGenerator.js:3:17)
      at _next (node_modules/@babel/runtime/helpers/asyncToGenerator.js:17:9)
      at node_modules/@babel/runtime/helpers/asyncToGenerator.js:22:7
      at Object.<anonymous> (node_modules/@babel/runtime/helpers/asyncToGenerator.js:14:12)

  ● ScannerScreen › image picker › requires scan type selection before picking image

    Unable to find an element with text: Scanner

    [36m<View>[39m
      [36m<CameraView>[39m
        [36m<View>[39m
          [36m<View>[39m
            [36m<View[39m
              [33maccessibilityState[39m=[32m{
                {
                  "disabled": false,
                }
              }[39m
              [33maccessible[39m=[32m{true}[39m
            [36m>[39m
              [36m<Text>[39m
                [0mVisage[0m
              [36m</Text>[39m
              [36m<Text>[39m
                [0m1 scan par semaine[0m
              [36m</Text>[39m
              [36m<Text>[39m
                [0m0[0m
                [0m/[0m
                [0m1[0m
              [36m</Text>[39m
            [36m</View>[39m
          [36m</View>[39m
          [36m<View>[39m
            [36m<View[39m
              [33maccessibilityState[39m=[32m{
                {
                  "disabled": false,
                }
              }[39m
              [33maccessible[39m=[32m{true}[39m
            [36m>[39m
              [36m<Text>[39m
                [0mCorps[0m
              [36m</Text>[39m
              [36m<Text>[39m
                [0m1 scan par mois[0m
              [36m</Text>[39m
              [36m<Text>[39m
                [0m0[0m
                [0m/[0m
                [0m1[0m
              [36m</Text>[39m
            [36m</View>[39m
          [36m</View>[39m
          [36m<View>[39m
            [36m<View[39m
              [33maccessibilityState[39m=[32m{
                {
                  "disabled": false,
                }
              }[39m
              [33maccessible[39m=[32m{true}[39m
            [36m>[39m
              [36m<Text>[39m
                [0mNutrition[0m
              [36m</Text>[39m
              [36m<Text>[39m
                [0m1 scan tous les 3 jours[0m
              [36m</Text>[39m
              [36m<Text>[39m
                [0m0[0m
                [0m/[0m
                [0m1[0m
              [36m</Text>[39m
            [36m</View>[39m
          [36m</View>[39m
          [36m<View>[39m
            [36m<View[39m
              [33maccessibilityState[39m=[32m{
                {
                  "disabled": false,
                }
              }[39m
              [33maccessible[39m=[32m{true}[39m
            [36m>[39m
              [36m<View>[39m
                [36m<Sparkles />[39m
                [36m<Text>[39m
                  [0mSuper[0m
                [36m</Text>[39m
              [36m</View>[39m
              [36m<View>[39m
                [36m<Crown />[39m
                [36m<Text>[39m
                  [0mPremium[0m
                [36m</Text>[39m
              [36m</View>[39m
            [36m</View>[39m
          [36m</View>[39m
        [36m</View>[39m
        [36m<View>[39m
          [36m<View[39m
            [33maccessibilityState[39m=[32m{
              {
                "disabled": false,
              }
            }[39m
            [33maccessible[39m=[32m{true}[39m
          [36m>[39m
            [36m<Image />[39m
          [36m</View>[39m
          [36m<View[39m
            [33maccessibilityState[39m=[32m{
              {
                "disabled": false,
              }
            }[39m
            [33maccessible[39m=[32m{true}[39m
          [36m>[39m
            [36m<View>[39m
              [36m<View />[39m
            [36m</View>[39m
          [36m</View>[39m
          [36m<View[39m
            [33maccessible[39m=[32m{true}[39m
          [36m>[39m
            [36m<FlipHorizontal />[39m
          [36m</View>[39m
        [36m</View>[39m
      [36m</CameraView>[39m
    [36m</View>[39m

    [0m [90m 388 |[39m       render([33m<[39m[33mScannerScreen[39m [33m/[39m[33m>[39m)[33m;[39m
     [90m 389 |[39m
    [31m[1m>[22m[39m[90m 390 |[39m       [36mawait[39m waitFor(() [33m=>[39m {
     [90m     |[39m                    [31m[1m^[22m[39m
     [90m 391 |[39m         expect(screen[33m.[39mgetByText([32m'Scanner'[39m))[33m.[39mtoBeTruthy()[33m;[39m
     [90m 392 |[39m       })[33m;[39m
     [90m 393 |[39m[0m

      at Object.<anonymous> (__tests__/screens/ScannerScreen.test.tsx:390:20)
      at asyncGeneratorStep (node_modules/@babel/runtime/helpers/asyncToGenerator.js:3:17)
      at _next (node_modules/@babel/runtime/helpers/asyncToGenerator.js:17:9)
      at node_modules/@babel/runtime/helpers/asyncToGenerator.js:22:7
      at Object.<anonymous> (node_modules/@babel/runtime/helpers/asyncToGenerator.js:14:12)

  ● ScannerScreen › scan eligibility refresh › refreshes eligibility when screen gains focus

    Unable to find an element with text: Scanner

    [36m<View>[39m
      [36m<CameraView>[39m
        [36m<View>[39m
          [36m<View>[39m
            [36m<View[39m
              [33maccessibilityState[39m=[32m{
                {
                  "disabled": false,
                }
              }[39m
              [33maccessible[39m=[32m{true}[39m
            [36m>[39m
              [36m<Text>[39m
                [0mVisage[0m
              [36m</Text>[39m
              [36m<Text>[39m
                [0m1 scan par semaine[0m
              [36m</Text>[39m
              [36m<Text>[39m
                [0m0[0m
                [0m/[0m
                [0m1[0m
              [36m</Text>[39m
            [36m</View>[39m
          [36m</View>[39m
          [36m<View>[39m
            [36m<View[39m
              [33maccessibilityState[39m=[32m{
                {
                  "disabled": false,
                }
              }[39m
              [33maccessible[39m=[32m{true}[39m
            [36m>[39m
              [36m<Text>[39m
                [0mCorps[0m
              [36m</Text>[39m
              [36m<Text>[39m
                [0m1 scan par mois[0m
              [36m</Text>[39m
              [36m<Text>[39m
                [0m0[0m
                [0m/[0m
                [0m1[0m
              [36m</Text>[39m
            [36m</View>[39m
          [36m</View>[39m
          [36m<View>[39m
            [36m<View[39m
              [33maccessibilityState[39m=[32m{
                {
                  "disabled": false,
                }
              }[39m
              [33maccessible[39m=[32m{true}[39m
            [36m>[39m
              [36m<Text>[39m
                [0mNutrition[0m
              [36m</Text>[39m
              [36m<Text>[39m
                [0m1 scan tous les 3 jours[0m
              [36m</Text>[39m
              [36m<Text>[39m
                [0m0[0m
                [0m/[0m
                [0m1[0m
              [36m</Text>[39m
            [36m</View>[39m
          [36m</View>[39m
          [36m<View>[39m
            [36m<View[39m
              [33maccessibilityState[39m=[32m{
                {
                  "disabled": false,
                }
              }[39m
              [33maccessible[39m=[32m{true}[39m
            [36m>[39m
              [36m<View>[39m
                [36m<Sparkles />[39m
                [36m<Text>[39m
                  [0mSuper[0m
                [36m</Text>[39m
              [36m</View>[39m
              [36m<View>[39m
                [36m<Crown />[39m
                [36m<Text>[39m
                  [0mPremium[0m
                [36m</Text>[39m
              [36m</View>[39m
            [36m</View>[39m
          [36m</View>[39m
        [36m</View>[39m
        [36m<View>[39m
          [36m<View[39m
            [33maccessibilityState[39m=[32m{
              {
                "disabled": false,
              }
            }[39m
            [33maccessible[39m=[32m{true}[39m
          [36m>[39m
            [36m<Image />[39m
          [36m</View>[39m
          [36m<View[39m
            [33maccessibilityState[39m=[32m{
              {
                "disabled": false,
              }
            }[39m
            [33maccessible[39m=[32m{true}[39m
          [36m>[39m
            [36m<View>[39m
              [36m<View />[39m
            [36m</View>[39m
          [36m</View>[39m
          [36m<View[39m
            [33maccessible[39m=[32m{true}[39m
          [36m>[39m
            [36m<FlipHorizontal />[39m
          [36m</View>[39m
        [36m</View>[39m
      [36m</CameraView>[39m
    [36m</View>[39m

    [0m [90m 415 |[39m       render([33m<[39m[33mScannerScreen[39m [33m/[39m[33m>[39m)[33m;[39m
     [90m 416 |[39m
    [31m[1m>[22m[39m[90m 417 |[39m       [36mawait[39m waitFor(() [33m=>[39m {
     [90m     |[39m                    [31m[1m^[22m[39m
     [90m 418 |[39m         expect(screen[33m.[39mgetByText([32m'Scanner'[39m))[33m.[39mtoBeTruthy()[33m;[39m
     [90m 419 |[39m       })[33m;[39m
     [90m 420 |[39m[0m

      at Object.<anonymous> (__tests__/screens/ScannerScreen.test.tsx:417:20)
      at asyncGeneratorStep (node_modules/@babel/runtime/helpers/asyncToGenerator.js:3:17)
      at _next (node_modules/@babel/runtime/helpers/asyncToGenerator.js:17:9)
      at node_modules/@babel/runtime/helpers/asyncToGenerator.js:22:7
      at Object.<anonymous> (node_modules/@babel/runtime/helpers/asyncToGenerator.js:14:12)

  ● ScannerScreen › error handling › handles eligibility check error gracefully

    Unable to find an element with text: Scanner

    [36m<View>[39m
      [36m<CameraView>[39m
        [36m<View>[39m
          [36m<View>[39m
            [36m<View[39m
              [33maccessibilityState[39m=[32m{
                {
                  "disabled": false,
                }
              }[39m
              [33maccessible[39m=[32m{true}[39m
            [36m>[39m
              [36m<Text>[39m
                [0mVisage[0m
              [36m</Text>[39m
              [36m<Text>[39m
                [0m1 scan par semaine[0m
              [36m</Text>[39m
            [36m</View>[39m
          [36m</View>[39m
          [36m<View>[39m
            [36m<View[39m
              [33maccessibilityState[39m=[32m{
                {
                  "disabled": false,
                }
              }[39m
              [33maccessible[39m=[32m{true}[39m
            [36m>[39m
              [36m<Text>[39m
                [0mCorps[0m
              [36m</Text>[39m
              [36m<Text>[39m
                [0m1 scan par mois[0m
              [36m</Text>[39m
            [36m</View>[39m
          [36m</View>[39m
          [36m<View>[39m
            [36m<View[39m
              [33maccessibilityState[39m=[32m{
                {
                  "disabled": false,
                }
              }[39m
              [33maccessible[39m=[32m{true}[39m
            [36m>[39m
              [36m<Text>[39m
                [0mNutrition[0m
              [36m</Text>[39m
              [36m<Text>[39m
                [0m1 scan tous les 3 jours[0m
              [36m</Text>[39m
            [36m</View>[39m
          [36m</View>[39m
          [36m<View>[39m
            [36m<View[39m
              [33maccessibilityState[39m=[32m{
                {
                  "disabled": false,
                }
              }[39m
              [33maccessible[39m=[32m{true}[39m
            [36m>[39m
              [36m<View>[39m
                [36m<Sparkles />[39m
                [36m<Text>[39m
                  [0mSuper[0m
                [36m</Text>[39m
              [36m</View>[39m
              [36m<View>[39m
                [36m<Crown />[39m
                [36m<Text>[39m
                  [0mPremium[0m
                [36m</Text>[39m
              [36m</View>[39m
            [36m</View>[39m
          [36m</View>[39m
        [36m</View>[39m
        [36m<View>[39m
          [36m<View[39m
            [33maccessibilityState[39m=[32m{
              {
                "disabled": false,
              }
            }[39m
            [33maccessible[39m=[32m{true}[39m
          [36m>[39m
            [36m<Image />[39m
          [36m</View>[39m
          [36m<View[39m
            [33maccessibilityState[39m=[32m{
              {
                "disabled": false,
              }
            }[39m
            [33maccessible[39m=[32m{true}[39m
          [36m>[39m
            [36m<View>[39m
              [36m<View />[39m
            [36m</View>[39m
          [36m</View>[39m
          [36m<View[39m
            [33maccessible[39m=[32m{true}[39m
          [36m>[39m
            [36m<FlipHorizontal />[39m
          [36m</View>[39m
        [36m</View>[39m
      [36m</CameraView>[39m
    [36m</View>[39m

    [0m [90m 455 |[39m
     [90m 456 |[39m       [90m// Should still render without crashing[39m
    [31m[1m>[22m[39m[90m 457 |[39m       [36mawait[39m waitFor(() [33m=>[39m {
     [90m     |[39m                    [31m[1m^[22m[39m
     [90m 458 |[39m         expect(screen[33m.[39mgetByText([32m'Scanner'[39m))[33m.[39mtoBeTruthy()[33m;[39m
     [90m 459 |[39m       })[33m;[39m
     [90m 460 |[39m     })[33m;[39m[0m

      at Object.<anonymous> (__tests__/screens/ScannerScreen.test.tsx:457:20)
      at asyncGeneratorStep (node_modules/@babel/runtime/helpers/asyncToGenerator.js:3:17)
      at _next (node_modules/@babel/runtime/helpers/asyncToGenerator.js:17:9)
      at node_modules/@babel/runtime/helpers/asyncToGenerator.js:22:7
      at Object.<anonymous> (node_modules/@babel/runtime/helpers/asyncToGenerator.js:14:12)

  ● ScannerScreen › error handling › shows scan types even when some eligibility checks fail

    Unable to find an element with text: /Santé/

    [36m<View>[39m
      [36m<CameraView>[39m
        [36m<View>[39m
          [36m<View>[39m
            [36m<View[39m
              [33maccessibilityState[39m=[32m{
                {
                  "disabled": false,
                }
              }[39m
              [33maccessible[39m=[32m{true}[39m
            [36m>[39m
              [36m<Text>[39m
                [0mVisage[0m
              [36m</Text>[39m
              [36m<Text>[39m
                [0m1 scan par semaine[0m
              [36m</Text>[39m
              [36m<Text>[39m
                [0m0[0m
                [0m/[0m
                [0m1[0m
              [36m</Text>[39m
            [36m</View>[39m
          [36m</View>[39m
          [36m<View>[39m
            [36m<View[39m
              [33maccessibilityState[39m=[32m{
                {
                  "disabled": false,
                }
              }[39m
              [33maccessible[39m=[32m{true}[39m
            [36m>[39m
              [36m<Text>[39m
                [0mCorps[0m
              [36m</Text>[39m
              [36m<Text>[39m
                [0m1 scan par mois[0m
              [36m</Text>[39m
            [36m</View>[39m
          [36m</View>[39m
          [36m<View>[39m
            [36m<View[39m
              [33maccessibilityState[39m=[32m{
                {
                  "disabled": false,
                }
              }[39m
              [33maccessible[39m=[32m{true}[39m
            [36m>[39m
              [36m<Text>[39m
                [0mNutrition[0m
              [36m</Text>[39m
              [36m<Text>[39m
                [0m1 scan tous les 3 jours[0m
              [36m</Text>[39m
              [36m<Text>[39m
                [0m0[0m
                [0m/[0m
                [0m1[0m
              [36m</Text>[39m
            [36m</View>[39m
          [36m</View>[39m
          [36m<View>[39m
            [36m<View[39m
              [33maccessibilityState[39m=[32m{
                {
                  "disabled": false,
                }
              }[39m
              [33maccessible[39m=[32m{true}[39m
            [36m>[39m
              [36m<View>[39m
                [36m<Sparkles />[39m
                [36m<Text>[39m
                  [0mSuper[0m
                [36m</Text>[39m
              [36m</View>[39m
              [36m<View>[39m
                [36m<Crown />[39m
                [36m<Text>[39m
                  [0mPremium[0m
                [36m</Text>[39m
              [36m</View>[39m
            [36m</View>[39m
          [36m</View>[39m
        [36m</View>[39m
        [36m<View>[39m
          [36m<View[39m
            [33maccessibilityState[39m=[32m{
              {
                "disabled": false,
              }
            }[39m
            [33maccessible[39m=[32m{true}[39m
          [36m>[39m
            [36m<Image />[39m
          [36m</View>[39m
          [36m<View[39m
            [33maccessibilityState[39m=[32m{
              {
                "disabled": false,
              }
            }[39m
            [33maccessible[39m=[32m{true}[39m
          [36m>[39m
            [36m<View>[39m
              [36m<View />[39m
            [36m</View>[39m
          [36m</View>[39m
          [36m<View[39m
            [33maccessible[39m=[32m{true}[39m
          [36m>[39m
            [36m<FlipHorizontal />[39m
          [36m</View>[39m
        [36m</View>[39m
      [36m</CameraView>[39m
    [36m</View>[39m

    [0m [90m 479 |[39m       render([33m<[39m[33mScannerScreen[39m [33m/[39m[33m>[39m)[33m;[39m
     [90m 480 |[39m
    [31m[1m>[22m[39m[90m 481 |[39m       [36mawait[39m waitFor(() [33m=>[39m {
     [90m     |[39m                    [31m[1m^[22m[39m
     [90m 482 |[39m         expect(screen[33m.[39mgetByText([35m/Santé/[39m))[33m.[39mtoBeTruthy()[33m;[39m
     [90m 483 |[39m         expect(screen[33m.[39mgetByText([32m'Corps'[39m))[33m.[39mtoBeTruthy()[33m;[39m
     [90m 484 |[39m         expect(screen[33m.[39mgetByText([32m'Nutrition'[39m))[33m.[39mtoBeTruthy()[33m;[39m[0m

      at Object.<anonymous> (__tests__/screens/ScannerScreen.test.tsx:481:20)
      at asyncGeneratorStep (node_modules/@babel/runtime/helpers/asyncToGenerator.js:3:17)
      at _next (node_modules/@babel/runtime/helpers/asyncToGenerator.js:17:9)
      at node_modules/@babel/runtime/helpers/asyncToGenerator.js:22:7
      at Object.<anonymous> (node_modules/@babel/runtime/helpers/asyncToGenerator.js:14:12)

Test Suites: 1 failed, 1 total
Tests:       14 failed, 4 passed, 18 total
Snapshots:   0 total
Time:        14.964 s, estimated 16 s
Ran all test suites matching ScannerScreen.
