
> bolt-expo-starter@1.0.0 test
> jest ScannerScreen

  console.error
    An update to ScannerScreen inside a test was not wrapped in act(...).
    
    When testing, code that causes React state updates should be wrapped into act(...):
    
    act(() => {
      /* fire events that update state */
    });
    /* assert on the output */
    
    This ensures that you're testing the behavior the user would see in the browser. Learn more at https://react.dev/link/wrap-tests-with-act

    [0m [90m 67 |[39m       setSuperScanUsedToday([36mfalse[39m)[33m;[39m
     [90m 68 |[39m     } [36mfinally[39m {
    [31m[1m>[22m[39m[90m 69 |[39m       setCheckingSuperScan([36mfalse[39m)[33m;[39m
     [90m    |[39m       [31m[1m^[22m[39m
     [90m 70 |[39m     }
     [90m 71 |[39m   }[33m;[39m
     [90m 72 |[39m[0m

      at node_modules/react-test-renderer/cjs/react-test-renderer.development.js:11801:19
      at runWithFiberInDEV (node_modules/react-test-renderer/cjs/react-test-renderer.development.js:1574:13)
      at warnIfUpdatesNotWrappedWithActDEV (node_modules/react-test-renderer/cjs/react-test-renderer.development.js:11800:9)
      at scheduleUpdateOnFiber (node_modules/react-test-renderer/cjs/react-test-renderer.development.js:10326:9)
      at dispatchSetStateInternal (node_modules/react-test-renderer/cjs/react-test-renderer.development.js:4148:13)
      at dispatchSetState (node_modules/react-test-renderer/cjs/react-test-renderer.development.js:4107:7)
      at setCheckingSuperScan (screens/ScannerScreen.tsx:69:7)
      at asyncGeneratorStep (node_modules/@babel/runtime/helpers/asyncToGenerator.js:3:17)
      at _next (node_modules/@babel/runtime/helpers/asyncToGenerator.js:17:9)

  console.error
    An update to ScannerScreen inside a test was not wrapped in act(...).
    
    When testing, code that causes React state updates should be wrapped into act(...):
    
    act(() => {
      /* fire events that update state */
    });
    /* assert on the output */
    
    This ensures that you're testing the behavior the user would see in the browser. Learn more at https://react.dev/link/wrap-tests-with-act

    [0m [90m 131 |[39m
     [90m 132 |[39m       [36mif[39m (isMountedRef[33m.[39mcurrent) {
    [31m[1m>[22m[39m[90m 133 |[39m         setScanEligibility(results)[33m;[39m
     [90m     |[39m         [31m[1m^[22m[39m
     [90m 134 |[39m
     [90m 135 |[39m         [90m// Gérer l'état d'erreur réseau[39m
     [90m 136 |[39m         [36mif[39m (hasNetworkError [33m&&[39m [33mObject[39m[33m.[39mvalues(results)[33m.[39mevery(r [33m=>[39m r [33m===[39m [36mnull[39m)) {[0m

      at node_modules/react-test-renderer/cjs/react-test-renderer.development.js:11801:19
      at runWithFiberInDEV (node_modules/react-test-renderer/cjs/react-test-renderer.development.js:1574:13)
      at warnIfUpdatesNotWrappedWithActDEV (node_modules/react-test-renderer/cjs/react-test-renderer.development.js:11800:9)
      at scheduleUpdateOnFiber (node_modules/react-test-renderer/cjs/react-test-renderer.development.js:10326:9)
      at dispatchSetStateInternal (node_modules/react-test-renderer/cjs/react-test-renderer.development.js:4148:13)
      at dispatchSetState (node_modules/react-test-renderer/cjs/react-test-renderer.development.js:4107:7)
      at setScanEligibility (screens/ScannerScreen.tsx:133:9)
      at asyncGeneratorStep (node_modules/@babel/runtime/helpers/asyncToGenerator.js:3:17)
      at _next (node_modules/@babel/runtime/helpers/asyncToGenerator.js:17:9)

  console.error
    An update to ScannerScreen inside a test was not wrapped in act(...).
    
    When testing, code that causes React state updates should be wrapped into act(...):
    
    act(() => {
      /* fire events that update state */
    });
    /* assert on the output */
    
    This ensures that you're testing the behavior the user would see in the browser. Learn more at https://react.dev/link/wrap-tests-with-act

    [0m [90m 148 |[39m           }
     [90m 149 |[39m         } [36melse[39m {
    [31m[1m>[22m[39m[90m 150 |[39m           setNetworkError([36mfalse[39m)[33m;[39m
     [90m     |[39m           [31m[1m^[22m[39m
     [90m 151 |[39m           retryCountRef[33m.[39mcurrent [33m=[39m [35m0[39m[33m;[39m
     [90m 152 |[39m         }
     [90m 153 |[39m       }[0m

      at node_modules/react-test-renderer/cjs/react-test-renderer.development.js:11801:19
      at runWithFiberInDEV (node_modules/react-test-renderer/cjs/react-test-renderer.development.js:1574:13)
      at warnIfUpdatesNotWrappedWithActDEV (node_modules/react-test-renderer/cjs/react-test-renderer.development.js:11800:9)
      at scheduleUpdateOnFiber (node_modules/react-test-renderer/cjs/react-test-renderer.development.js:10326:9)
      at dispatchSetStateInternal (node_modules/react-test-renderer/cjs/react-test-renderer.development.js:4148:13)
      at dispatchSetState (node_modules/react-test-renderer/cjs/react-test-renderer.development.js:4107:7)
      at setNetworkError (screens/ScannerScreen.tsx:150:11)
      at asyncGeneratorStep (node_modules/@babel/runtime/helpers/asyncToGenerator.js:3:17)
      at _next (node_modules/@babel/runtime/helpers/asyncToGenerator.js:17:9)

  console.error
    An update to ScannerScreen inside a test was not wrapped in act(...).
    
    When testing, code that causes React state updates should be wrapped into act(...):
    
    act(() => {
      /* fire events that update state */
    });
    /* assert on the output */
    
    This ensures that you're testing the behavior the user would see in the browser. Learn more at https://react.dev/link/wrap-tests-with-act

    [0m [90m 159 |[39m     } [36mfinally[39m {
     [90m 160 |[39m       [36mif[39m (isMountedRef[33m.[39mcurrent) {
    [31m[1m>[22m[39m[90m 161 |[39m         setLoading([36mfalse[39m)[33m;[39m
     [90m     |[39m         [31m[1m^[22m[39m
     [90m 162 |[39m         setIsRetrying([36mfalse[39m)[33m;[39m
     [90m 163 |[39m       }
     [90m 164 |[39m     }[0m

      at node_modules/react-test-renderer/cjs/react-test-renderer.development.js:11801:19
      at runWithFiberInDEV (node_modules/react-test-renderer/cjs/react-test-renderer.development.js:1574:13)
      at warnIfUpdatesNotWrappedWithActDEV (node_modules/react-test-renderer/cjs/react-test-renderer.development.js:11800:9)
      at scheduleUpdateOnFiber (node_modules/react-test-renderer/cjs/react-test-renderer.development.js:10326:9)
      at dispatchSetStateInternal (node_modules/react-test-renderer/cjs/react-test-renderer.development.js:4148:13)
      at dispatchSetState (node_modules/react-test-renderer/cjs/react-test-renderer.development.js:4107:7)
      at setLoading (screens/ScannerScreen.tsx:161:9)
      at asyncGeneratorStep (node_modules/@babel/runtime/helpers/asyncToGenerator.js:3:17)
      at _next (node_modules/@babel/runtime/helpers/asyncToGenerator.js:17:9)

  console.error
    An update to ScannerScreen inside a test was not wrapped in act(...).
    
    When testing, code that causes React state updates should be wrapped into act(...):
    
    act(() => {
      /* fire events that update state */
    });
    /* assert on the output */
    
    This ensures that you're testing the behavior the user would see in the browser. Learn more at https://react.dev/link/wrap-tests-with-act

    [0m [90m 160 |[39m       [36mif[39m (isMountedRef[33m.[39mcurrent) {
     [90m 161 |[39m         setLoading([36mfalse[39m)[33m;[39m
    [31m[1m>[22m[39m[90m 162 |[39m         setIsRetrying([36mfalse[39m)[33m;[39m
     [90m     |[39m         [31m[1m^[22m[39m
     [90m 163 |[39m       }
     [90m 164 |[39m     }
     [90m 165 |[39m   }[33m;[39m[0m

      at node_modules/react-test-renderer/cjs/react-test-renderer.development.js:11801:19
      at runWithFiberInDEV (node_modules/react-test-renderer/cjs/react-test-renderer.development.js:1574:13)
      at warnIfUpdatesNotWrappedWithActDEV (node_modules/react-test-renderer/cjs/react-test-renderer.development.js:11800:9)
      at scheduleUpdateOnFiber (node_modules/react-test-renderer/cjs/react-test-renderer.development.js:10326:9)
      at dispatchSetStateInternal (node_modules/react-test-renderer/cjs/react-test-renderer.development.js:4148:13)
      at dispatchSetState (node_modules/react-test-renderer/cjs/react-test-renderer.development.js:4107:7)
      at setIsRetrying (screens/ScannerScreen.tsx:162:9)
      at asyncGeneratorStep (node_modules/@babel/runtime/helpers/asyncToGenerator.js:3:17)
      at _next (node_modules/@babel/runtime/helpers/asyncToGenerator.js:17:9)

  console.warn
    An error occurred in the <View> component.
    
    Consider adding an error boundary to your tree to customize error handling behavior.
    Visit https://react.dev/link/error-boundaries to learn more about error boundaries.

      at defaultOnUncaughtError (node_modules/react-test-renderer/cjs/react-test-renderer.development.js:5452:15)
      at logUncaughtError (node_modules/react-test-renderer/cjs/react-test-renderer.development.js:5512:11)
      at runWithFiberInDEV (node_modules/react-test-renderer/cjs/react-test-renderer.development.js:1574:13)
      at lane.callback (node_modules/react-test-renderer/cjs/react-test-renderer.development.js:5542:9)
      at callCallback (node_modules/react-test-renderer/cjs/react-test-renderer.development.js:2700:16)
      at commitCallbacks (node_modules/react-test-renderer/cjs/react-test-renderer.development.js:2720:11)
      at runWithFiberInDEV (node_modules/react-test-renderer/cjs/react-test-renderer.development.js:1574:13)
      at commitLayoutEffectOnFiber (node_modules/react-test-renderer/cjs/react-test-renderer.development.js:8936:15)
      at flushLayoutEffects (node_modules/react-test-renderer/cjs/react-test-renderer.development.js:11356:13)
      at commitRoot (node_modules/react-test-renderer/cjs/react-test-renderer.development.js:11310:9)
      at commitRootWhenReady (node_modules/react-test-renderer/cjs/react-test-renderer.development.js:10532:7)
      at performWorkOnRoot (node_modules/react-test-renderer/cjs/react-test-renderer.development.js:10494:15)
      at performWorkOnRootViaSchedulerTask (node_modules/react-test-renderer/cjs/react-test-renderer.development.js:2094:7)
      at Immediate.performWorkUntilDeadline [as _onImmediate] (node_modules/scheduler/cjs/scheduler.native.development.js:45:48)

  console.warn
    An error occurred in the <View> component.
    
    Consider adding an error boundary to your tree to customize error handling behavior.
    Visit https://react.dev/link/error-boundaries to learn more about error boundaries.

      at defaultOnUncaughtError (node_modules/react-test-renderer/cjs/react-test-renderer.development.js:5452:15)
      at logUncaughtError (node_modules/react-test-renderer/cjs/react-test-renderer.development.js:5512:11)
      at runWithFiberInDEV (node_modules/react-test-renderer/cjs/react-test-renderer.development.js:1574:13)
      at lane.callback (node_modules/react-test-renderer/cjs/react-test-renderer.development.js:5542:9)
      at callCallback (node_modules/react-test-renderer/cjs/react-test-renderer.development.js:2700:16)
      at commitCallbacks (node_modules/react-test-renderer/cjs/react-test-renderer.development.js:2720:11)
      at runWithFiberInDEV (node_modules/react-test-renderer/cjs/react-test-renderer.development.js:1574:13)
      at commitLayoutEffectOnFiber (node_modules/react-test-renderer/cjs/react-test-renderer.development.js:8936:15)
      at flushLayoutEffects (node_modules/react-test-renderer/cjs/react-test-renderer.development.js:11356:13)
      at commitRoot (node_modules/react-test-renderer/cjs/react-test-renderer.development.js:11310:9)
      at commitRootWhenReady (node_modules/react-test-renderer/cjs/react-test-renderer.development.js:10532:7)
      at performWorkOnRoot (node_modules/react-test-renderer/cjs/react-test-renderer.development.js:10494:15)
      at performWorkOnRootViaSchedulerTask (node_modules/react-test-renderer/cjs/react-test-renderer.development.js:2094:7)
      at Immediate.performWorkUntilDeadline [as _onImmediate] (node_modules/scheduler/cjs/scheduler.native.development.js:45:48)

  console.warn
    An error occurred in the <View> component.
    
    Consider adding an error boundary to your tree to customize error handling behavior.
    Visit https://react.dev/link/error-boundaries to learn more about error boundaries.

      at defaultOnUncaughtError (node_modules/react-test-renderer/cjs/react-test-renderer.development.js:5452:15)
      at logUncaughtError (node_modules/react-test-renderer/cjs/react-test-renderer.development.js:5512:11)
      at runWithFiberInDEV (node_modules/react-test-renderer/cjs/react-test-renderer.development.js:1574:13)
      at lane.callback (node_modules/react-test-renderer/cjs/react-test-renderer.development.js:5542:9)
      at callCallback (node_modules/react-test-renderer/cjs/react-test-renderer.development.js:2700:16)
      at commitCallbacks (node_modules/react-test-renderer/cjs/react-test-renderer.development.js:2720:11)
      at runWithFiberInDEV (node_modules/react-test-renderer/cjs/react-test-renderer.development.js:1574:13)
      at commitLayoutEffectOnFiber (node_modules/react-test-renderer/cjs/react-test-renderer.development.js:8936:15)
      at flushLayoutEffects (node_modules/react-test-renderer/cjs/react-test-renderer.development.js:11356:13)
      at commitRoot (node_modules/react-test-renderer/cjs/react-test-renderer.development.js:11310:9)
      at commitRootWhenReady (node_modules/react-test-renderer/cjs/react-test-renderer.development.js:10532:7)
      at performWorkOnRoot (node_modules/react-test-renderer/cjs/react-test-renderer.development.js:10494:15)
      at performWorkOnRootViaSchedulerTask (node_modules/react-test-renderer/cjs/react-test-renderer.development.js:2094:7)
      at Immediate.performWorkUntilDeadline [as _onImmediate] (node_modules/scheduler/cjs/scheduler.native.development.js:45:48)

  console.warn
    An error occurred in the <View> component.
    
    Consider adding an error boundary to your tree to customize error handling behavior.
    Visit https://react.dev/link/error-boundaries to learn more about error boundaries.

      at defaultOnUncaughtError (node_modules/react-test-renderer/cjs/react-test-renderer.development.js:5452:15)
      at logUncaughtError (node_modules/react-test-renderer/cjs/react-test-renderer.development.js:5512:11)
      at runWithFiberInDEV (node_modules/react-test-renderer/cjs/react-test-renderer.development.js:1574:13)
      at lane.callback (node_modules/react-test-renderer/cjs/react-test-renderer.development.js:5542:9)
      at callCallback (node_modules/react-test-renderer/cjs/react-test-renderer.development.js:2700:16)
      at commitCallbacks (node_modules/react-test-renderer/cjs/react-test-renderer.development.js:2720:11)
      at runWithFiberInDEV (node_modules/react-test-renderer/cjs/react-test-renderer.development.js:1574:13)
      at commitLayoutEffectOnFiber (node_modules/react-test-renderer/cjs/react-test-renderer.development.js:8936:15)
      at flushLayoutEffects (node_modules/react-test-renderer/cjs/react-test-renderer.development.js:11356:13)
      at commitRoot (node_modules/react-test-renderer/cjs/react-test-renderer.development.js:11310:9)
      at commitRootWhenReady (node_modules/react-test-renderer/cjs/react-test-renderer.development.js:10532:7)
      at performWorkOnRoot (node_modules/react-test-renderer/cjs/react-test-renderer.development.js:10494:15)
      at performWorkOnRootViaSchedulerTask (node_modules/react-test-renderer/cjs/react-test-renderer.development.js:2094:7)
      at Immediate.performWorkUntilDeadline [as _onImmediate] (node_modules/scheduler/cjs/scheduler.native.development.js:45:48)

  console.warn
    An error occurred in the <View> component.
    
    Consider adding an error boundary to your tree to customize error handling behavior.
    Visit https://react.dev/link/error-boundaries to learn more about error boundaries.

      at defaultOnUncaughtError (node_modules/react-test-renderer/cjs/react-test-renderer.development.js:5452:15)
      at logUncaughtError (node_modules/react-test-renderer/cjs/react-test-renderer.development.js:5512:11)
      at runWithFiberInDEV (node_modules/react-test-renderer/cjs/react-test-renderer.development.js:1574:13)
      at lane.callback (node_modules/react-test-renderer/cjs/react-test-renderer.development.js:5542:9)
      at callCallback (node_modules/react-test-renderer/cjs/react-test-renderer.development.js:2700:16)
      at commitCallbacks (node_modules/react-test-renderer/cjs/react-test-renderer.development.js:2720:11)
      at runWithFiberInDEV (node_modules/react-test-renderer/cjs/react-test-renderer.development.js:1574:13)
      at commitLayoutEffectOnFiber (node_modules/react-test-renderer/cjs/react-test-renderer.development.js:8936:15)
      at flushLayoutEffects (node_modules/react-test-renderer/cjs/react-test-renderer.development.js:11356:13)
      at commitRoot (node_modules/react-test-renderer/cjs/react-test-renderer.development.js:11310:9)
      at commitRootWhenReady (node_modules/react-test-renderer/cjs/react-test-renderer.development.js:10532:7)
      at performWorkOnRoot (node_modules/react-test-renderer/cjs/react-test-renderer.development.js:10494:15)
      at performWorkOnRootViaSchedulerTask (node_modules/react-test-renderer/cjs/react-test-renderer.development.js:2094:7)
      at Immediate.performWorkUntilDeadline [as _onImmediate] (node_modules/scheduler/cjs/scheduler.native.development.js:45:48)

  console.warn
    An error occurred in the <View> component.
    
    Consider adding an error boundary to your tree to customize error handling behavior.
    Visit https://react.dev/link/error-boundaries to learn more about error boundaries.

      at defaultOnUncaughtError (node_modules/react-test-renderer/cjs/react-test-renderer.development.js:5452:15)
      at logUncaughtError (node_modules/react-test-renderer/cjs/react-test-renderer.development.js:5512:11)
      at runWithFiberInDEV (node_modules/react-test-renderer/cjs/react-test-renderer.development.js:1574:13)
      at lane.callback (node_modules/react-test-renderer/cjs/react-test-renderer.development.js:5542:9)
      at callCallback (node_modules/react-test-renderer/cjs/react-test-renderer.development.js:2700:16)
      at commitCallbacks (node_modules/react-test-renderer/cjs/react-test-renderer.development.js:2720:11)
      at runWithFiberInDEV (node_modules/react-test-renderer/cjs/react-test-renderer.development.js:1574:13)
      at commitLayoutEffectOnFiber (node_modules/react-test-renderer/cjs/react-test-renderer.development.js:8936:15)
      at flushLayoutEffects (node_modules/react-test-renderer/cjs/react-test-renderer.development.js:11356:13)
      at commitRoot (node_modules/react-test-renderer/cjs/react-test-renderer.development.js:11310:9)
      at commitRootWhenReady (node_modules/react-test-renderer/cjs/react-test-renderer.development.js:10532:7)
      at performWorkOnRoot (node_modules/react-test-renderer/cjs/react-test-renderer.development.js:10494:15)
      at performWorkOnRootViaSchedulerTask (node_modules/react-test-renderer/cjs/react-test-renderer.development.js:2094:7)
      at Immediate.performWorkUntilDeadline [as _onImmediate] (node_modules/scheduler/cjs/scheduler.native.development.js:45:48)

  console.warn
    An error occurred in the <View> component.
    
    Consider adding an error boundary to your tree to customize error handling behavior.
    Visit https://react.dev/link/error-boundaries to learn more about error boundaries.

      at defaultOnUncaughtError (node_modules/react-test-renderer/cjs/react-test-renderer.development.js:5452:15)
      at logUncaughtError (node_modules/react-test-renderer/cjs/react-test-renderer.development.js:5512:11)
      at runWithFiberInDEV (node_modules/react-test-renderer/cjs/react-test-renderer.development.js:1574:13)
      at lane.callback (node_modules/react-test-renderer/cjs/react-test-renderer.development.js:5542:9)
      at callCallback (node_modules/react-test-renderer/cjs/react-test-renderer.development.js:2700:16)
      at commitCallbacks (node_modules/react-test-renderer/cjs/react-test-renderer.development.js:2720:11)
      at runWithFiberInDEV (node_modules/react-test-renderer/cjs/react-test-renderer.development.js:1574:13)
      at commitLayoutEffectOnFiber (node_modules/react-test-renderer/cjs/react-test-renderer.development.js:8936:15)
      at flushLayoutEffects (node_modules/react-test-renderer/cjs/react-test-renderer.development.js:11356:13)
      at commitRoot (node_modules/react-test-renderer/cjs/react-test-renderer.development.js:11310:9)
      at commitRootWhenReady (node_modules/react-test-renderer/cjs/react-test-renderer.development.js:10532:7)
      at performWorkOnRoot (node_modules/react-test-renderer/cjs/react-test-renderer.development.js:10494:15)
      at performWorkOnRootViaSchedulerTask (node_modules/react-test-renderer/cjs/react-test-renderer.development.js:2094:7)
      at Immediate.performWorkUntilDeadline [as _onImmediate] (node_modules/scheduler/cjs/scheduler.native.development.js:45:48)

  console.warn
    An error occurred in the <View> component.
    
    Consider adding an error boundary to your tree to customize error handling behavior.
    Visit https://react.dev/link/error-boundaries to learn more about error boundaries.

      at defaultOnUncaughtError (node_modules/react-test-renderer/cjs/react-test-renderer.development.js:5452:15)
      at logUncaughtError (node_modules/react-test-renderer/cjs/react-test-renderer.development.js:5512:11)
      at runWithFiberInDEV (node_modules/react-test-renderer/cjs/react-test-renderer.development.js:1574:13)
      at lane.callback (node_modules/react-test-renderer/cjs/react-test-renderer.development.js:5542:9)
      at callCallback (node_modules/react-test-renderer/cjs/react-test-renderer.development.js:2700:16)
      at commitCallbacks (node_modules/react-test-renderer/cjs/react-test-renderer.development.js:2720:11)
      at runWithFiberInDEV (node_modules/react-test-renderer/cjs/react-test-renderer.development.js:1574:13)
      at commitLayoutEffectOnFiber (node_modules/react-test-renderer/cjs/react-test-renderer.development.js:8936:15)
      at flushLayoutEffects (node_modules/react-test-renderer/cjs/react-test-renderer.development.js:11356:13)
      at commitRoot (node_modules/react-test-renderer/cjs/react-test-renderer.development.js:11310:9)
      at commitRootWhenReady (node_modules/react-test-renderer/cjs/react-test-renderer.development.js:10532:7)
      at performWorkOnRoot (node_modules/react-test-renderer/cjs/react-test-renderer.development.js:10494:15)
      at performWorkOnRootViaSchedulerTask (node_modules/react-test-renderer/cjs/react-test-renderer.development.js:2094:7)
      at Immediate.performWorkUntilDeadline [as _onImmediate] (node_modules/scheduler/cjs/scheduler.native.development.js:45:48)

  console.warn
    An error occurred in the <View> component.
    
    Consider adding an error boundary to your tree to customize error handling behavior.
    Visit https://react.dev/link/error-boundaries to learn more about error boundaries.

      at defaultOnUncaughtError (node_modules/react-test-renderer/cjs/react-test-renderer.development.js:5452:15)
      at logUncaughtError (node_modules/react-test-renderer/cjs/react-test-renderer.development.js:5512:11)
      at runWithFiberInDEV (node_modules/react-test-renderer/cjs/react-test-renderer.development.js:1574:13)
      at lane.callback (node_modules/react-test-renderer/cjs/react-test-renderer.development.js:5542:9)
      at callCallback (node_modules/react-test-renderer/cjs/react-test-renderer.development.js:2700:16)
      at commitCallbacks (node_modules/react-test-renderer/cjs/react-test-renderer.development.js:2720:11)
      at runWithFiberInDEV (node_modules/react-test-renderer/cjs/react-test-renderer.development.js:1574:13)
      at commitLayoutEffectOnFiber (node_modules/react-test-renderer/cjs/react-test-renderer.development.js:8936:15)
      at flushLayoutEffects (node_modules/react-test-renderer/cjs/react-test-renderer.development.js:11356:13)
      at commitRoot (node_modules/react-test-renderer/cjs/react-test-renderer.development.js:11310:9)
      at commitRootWhenReady (node_modules/react-test-renderer/cjs/react-test-renderer.development.js:10532:7)
      at performWorkOnRoot (node_modules/react-test-renderer/cjs/react-test-renderer.development.js:10494:15)
      at performWorkOnRootViaSchedulerTask (node_modules/react-test-renderer/cjs/react-test-renderer.development.js:2094:7)
      at Immediate.performWorkUntilDeadline [as _onImmediate] (node_modules/scheduler/cjs/scheduler.native.development.js:45:48)

  console.warn
    An error occurred in the <View> component.
    
    Consider adding an error boundary to your tree to customize error handling behavior.
    Visit https://react.dev/link/error-boundaries to learn more about error boundaries.

      at defaultOnUncaughtError (node_modules/react-test-renderer/cjs/react-test-renderer.development.js:5452:15)
      at logUncaughtError (node_modules/react-test-renderer/cjs/react-test-renderer.development.js:5512:11)
      at runWithFiberInDEV (node_modules/react-test-renderer/cjs/react-test-renderer.development.js:1574:13)
      at lane.callback (node_modules/react-test-renderer/cjs/react-test-renderer.development.js:5542:9)
      at callCallback (node_modules/react-test-renderer/cjs/react-test-renderer.development.js:2700:16)
      at commitCallbacks (node_modules/react-test-renderer/cjs/react-test-renderer.development.js:2720:11)
      at runWithFiberInDEV (node_modules/react-test-renderer/cjs/react-test-renderer.development.js:1574:13)
      at commitLayoutEffectOnFiber (node_modules/react-test-renderer/cjs/react-test-renderer.development.js:8936:15)
      at flushLayoutEffects (node_modules/react-test-renderer/cjs/react-test-renderer.development.js:11356:13)
      at commitRoot (node_modules/react-test-renderer/cjs/react-test-renderer.development.js:11310:9)
      at commitRootWhenReady (node_modules/react-test-renderer/cjs/react-test-renderer.development.js:10532:7)
      at performWorkOnRoot (node_modules/react-test-renderer/cjs/react-test-renderer.development.js:10494:15)
      at performWorkOnRootViaSchedulerTask (node_modules/react-test-renderer/cjs/react-test-renderer.development.js:2094:7)
      at Immediate.performWorkUntilDeadline [as _onImmediate] (node_modules/scheduler/cjs/scheduler.native.development.js:45:48)

  console.warn
    An error occurred in the <View> component.
    
    Consider adding an error boundary to your tree to customize error handling behavior.
    Visit https://react.dev/link/error-boundaries to learn more about error boundaries.

      at defaultOnUncaughtError (node_modules/react-test-renderer/cjs/react-test-renderer.development.js:5452:15)
      at logUncaughtError (node_modules/react-test-renderer/cjs/react-test-renderer.development.js:5512:11)
      at runWithFiberInDEV (node_modules/react-test-renderer/cjs/react-test-renderer.development.js:1574:13)
      at lane.callback (node_modules/react-test-renderer/cjs/react-test-renderer.development.js:5542:9)
      at callCallback (node_modules/react-test-renderer/cjs/react-test-renderer.development.js:2700:16)
      at commitCallbacks (node_modules/react-test-renderer/cjs/react-test-renderer.development.js:2720:11)
      at runWithFiberInDEV (node_modules/react-test-renderer/cjs/react-test-renderer.development.js:1574:13)
      at commitLayoutEffectOnFiber (node_modules/react-test-renderer/cjs/react-test-renderer.development.js:8936:15)
      at flushLayoutEffects (node_modules/react-test-renderer/cjs/react-test-renderer.development.js:11356:13)
      at commitRoot (node_modules/react-test-renderer/cjs/react-test-renderer.development.js:11310:9)
      at commitRootWhenReady (node_modules/react-test-renderer/cjs/react-test-renderer.development.js:10532:7)
      at performWorkOnRoot (node_modules/react-test-renderer/cjs/react-test-renderer.development.js:10494:15)
      at performWorkOnRootViaSchedulerTask (node_modules/react-test-renderer/cjs/react-test-renderer.development.js:2094:7)
      at Immediate.performWorkUntilDeadline [as _onImmediate] (node_modules/scheduler/cjs/scheduler.native.development.js:45:48)

  console.warn
    An error occurred in the <View> component.
    
    Consider adding an error boundary to your tree to customize error handling behavior.
    Visit https://react.dev/link/error-boundaries to learn more about error boundaries.

      at defaultOnUncaughtError (node_modules/react-test-renderer/cjs/react-test-renderer.development.js:5452:15)
      at logUncaughtError (node_modules/react-test-renderer/cjs/react-test-renderer.development.js:5512:11)
      at runWithFiberInDEV (node_modules/react-test-renderer/cjs/react-test-renderer.development.js:1574:13)
      at lane.callback (node_modules/react-test-renderer/cjs/react-test-renderer.development.js:5542:9)
      at callCallback (node_modules/react-test-renderer/cjs/react-test-renderer.development.js:2700:16)
      at commitCallbacks (node_modules/react-test-renderer/cjs/react-test-renderer.development.js:2720:11)
      at runWithFiberInDEV (node_modules/react-test-renderer/cjs/react-test-renderer.development.js:1574:13)
      at commitLayoutEffectOnFiber (node_modules/react-test-renderer/cjs/react-test-renderer.development.js:8936:15)
      at flushLayoutEffects (node_modules/react-test-renderer/cjs/react-test-renderer.development.js:11356:13)
      at commitRoot (node_modules/react-test-renderer/cjs/react-test-renderer.development.js:11310:9)
      at commitRootWhenReady (node_modules/react-test-renderer/cjs/react-test-renderer.development.js:10532:7)
      at performWorkOnRoot (node_modules/react-test-renderer/cjs/react-test-renderer.development.js:10494:15)
      at performWorkOnRootViaSchedulerTask (node_modules/react-test-renderer/cjs/react-test-renderer.development.js:2094:7)
      at Immediate.performWorkUntilDeadline [as _onImmediate] (node_modules/scheduler/cjs/scheduler.native.development.js:45:48)

  console.warn
    An error occurred in the <View> component.
    
    Consider adding an error boundary to your tree to customize error handling behavior.
    Visit https://react.dev/link/error-boundaries to learn more about error boundaries.

      at defaultOnUncaughtError (node_modules/react-test-renderer/cjs/react-test-renderer.development.js:5452:15)
      at logUncaughtError (node_modules/react-test-renderer/cjs/react-test-renderer.development.js:5512:11)
      at runWithFiberInDEV (node_modules/react-test-renderer/cjs/react-test-renderer.development.js:1574:13)
      at lane.callback (node_modules/react-test-renderer/cjs/react-test-renderer.development.js:5542:9)
      at callCallback (node_modules/react-test-renderer/cjs/react-test-renderer.development.js:2700:16)
      at commitCallbacks (node_modules/react-test-renderer/cjs/react-test-renderer.development.js:2720:11)
      at runWithFiberInDEV (node_modules/react-test-renderer/cjs/react-test-renderer.development.js:1574:13)
      at commitLayoutEffectOnFiber (node_modules/react-test-renderer/cjs/react-test-renderer.development.js:8936:15)
      at flushLayoutEffects (node_modules/react-test-renderer/cjs/react-test-renderer.development.js:11356:13)
      at commitRoot (node_modules/react-test-renderer/cjs/react-test-renderer.development.js:11310:9)
      at commitRootWhenReady (node_modules/react-test-renderer/cjs/react-test-renderer.development.js:10532:7)
      at performWorkOnRoot (node_modules/react-test-renderer/cjs/react-test-renderer.development.js:10494:15)
      at performWorkOnRootViaSchedulerTask (node_modules/react-test-renderer/cjs/react-test-renderer.development.js:2094:7)
      at Immediate.performWorkUntilDeadline [as _onImmediate] (node_modules/scheduler/cjs/scheduler.native.development.js:45:48)

  console.error
    Error checking body eligibility: Error: Network error
        at Object.<anonymous> (C:\Users\maloh\Downloads\1-main\__tests__\screens\ScannerScreen.test.tsx:448:54)
        at Generator.next (<anonymous>)
        at asyncGeneratorStep (C:\Users\maloh\Downloads\1-main\node_modules\@babel\runtime\helpers\asyncToGenerator.js:3:17)
        at _next (C:\Users\maloh\Downloads\1-main\node_modules\@babel\runtime\helpers\asyncToGenerator.js:17:9)
        at C:\Users\maloh\Downloads\1-main\node_modules\@babel\runtime\helpers\asyncToGenerator.js:22:7
        at new Promise (<anonymous>)
        at Object.<anonymous> (C:\Users\maloh\Downloads\1-main\node_modules\@babel\runtime\helpers\asyncToGenerator.js:14:12)
        at Promise.finally.completed (C:\Users\maloh\Downloads\1-main\node_modules\jest-circus\build\jestAdapterInit.js:1557:28)
        at new Promise (<anonymous>)
        at callAsyncCircusFn (C:\Users\maloh\Downloads\1-main\node_modules\jest-circus\build\jestAdapterInit.js:1497:10)
        at _callCircusTest (C:\Users\maloh\Downloads\1-main\node_modules\jest-circus\build\jestAdapterInit.js:1007:40)
        at _runTest (C:\Users\maloh\Downloads\1-main\node_modules\jest-circus\build\jestAdapterInit.js:947:3)
        at C:\Users\maloh\Downloads\1-main\node_modules\jest-circus\build\jestAdapterInit.js:849:7
        at _runTestsForDescribeBlock (C:\Users\maloh\Downloads\1-main\node_modules\jest-circus\build\jestAdapterInit.js:862:11)
        at _runTestsForDescribeBlock (C:\Users\maloh\Downloads\1-main\node_modules\jest-circus\build\jestAdapterInit.js:857:11)
        at _runTestsForDescribeBlock (C:\Users\maloh\Downloads\1-main\node_modules\jest-circus\build\jestAdapterInit.js:857:11)
        at run (C:\Users\maloh\Downloads\1-main\node_modules\jest-circus\build\jestAdapterInit.js:761:3)
        at runAndTransformResultsToJestFormat (C:\Users\maloh\Downloads\1-main\node_modules\jest-circus\build\jestAdapterInit.js:1918:21)
        at jestAdapter (C:\Users\maloh\Downloads\1-main\node_modules\jest-circus\build\runner.js:101:19)
        at runTestInternal (C:\Users\maloh\Downloads\1-main\node_modules\jest-runner\build\index.js:275:16)
        at runTest (C:\Users\maloh\Downloads\1-main\node_modules\jest-runner\build\index.js:343:7)

    [0m [90m 118 |[39m           results[scanType] [33m=[39m result[33m;[39m
     [90m 119 |[39m         } [36mcatch[39m (error[33m:[39m any) {
    [31m[1m>[22m[39m[90m 120 |[39m           console[33m.[39merror([32m`Error checking ${scanType} eligibility:`[39m[33m,[39m error)[33m;[39m
     [90m     |[39m                   [31m[1m^[22m[39m
     [90m 121 |[39m           results[scanType] [33m=[39m [36mnull[39m[33m;[39m
     [90m 122 |[39m
     [90m 123 |[39m           [90m// Détecter les erreurs réseau[39m[0m

      at error (screens/ScannerScreen.tsx:120:19)
          at Generator.throw (<anonymous>)
      at asyncGeneratorStep (node_modules/@babel/runtime/helpers/asyncToGenerator.js:3:17)
      at _throw (node_modules/@babel/runtime/helpers/asyncToGenerator.js:20:9)

  console.error
    Error checking health eligibility: Error: Network error
        at Object.<anonymous> (C:\Users\maloh\Downloads\1-main\__tests__\screens\ScannerScreen.test.tsx:448:54)
        at Generator.next (<anonymous>)
        at asyncGeneratorStep (C:\Users\maloh\Downloads\1-main\node_modules\@babel\runtime\helpers\asyncToGenerator.js:3:17)
        at _next (C:\Users\maloh\Downloads\1-main\node_modules\@babel\runtime\helpers\asyncToGenerator.js:17:9)
        at C:\Users\maloh\Downloads\1-main\node_modules\@babel\runtime\helpers\asyncToGenerator.js:22:7
        at new Promise (<anonymous>)
        at Object.<anonymous> (C:\Users\maloh\Downloads\1-main\node_modules\@babel\runtime\helpers\asyncToGenerator.js:14:12)
        at Promise.finally.completed (C:\Users\maloh\Downloads\1-main\node_modules\jest-circus\build\jestAdapterInit.js:1557:28)
        at new Promise (<anonymous>)
        at callAsyncCircusFn (C:\Users\maloh\Downloads\1-main\node_modules\jest-circus\build\jestAdapterInit.js:1497:10)
        at _callCircusTest (C:\Users\maloh\Downloads\1-main\node_modules\jest-circus\build\jestAdapterInit.js:1007:40)
        at _runTest (C:\Users\maloh\Downloads\1-main\node_modules\jest-circus\build\jestAdapterInit.js:947:3)
        at C:\Users\maloh\Downloads\1-main\node_modules\jest-circus\build\jestAdapterInit.js:849:7
        at _runTestsForDescribeBlock (C:\Users\maloh\Downloads\1-main\node_modules\jest-circus\build\jestAdapterInit.js:862:11)
        at _runTestsForDescribeBlock (C:\Users\maloh\Downloads\1-main\node_modules\jest-circus\build\jestAdapterInit.js:857:11)
        at _runTestsForDescribeBlock (C:\Users\maloh\Downloads\1-main\node_modules\jest-circus\build\jestAdapterInit.js:857:11)
        at run (C:\Users\maloh\Downloads\1-main\node_modules\jest-circus\build\jestAdapterInit.js:761:3)
        at runAndTransformResultsToJestFormat (C:\Users\maloh\Downloads\1-main\node_modules\jest-circus\build\jestAdapterInit.js:1918:21)
        at jestAdapter (C:\Users\maloh\Downloads\1-main\node_modules\jest-circus\build\runner.js:101:19)
        at runTestInternal (C:\Users\maloh\Downloads\1-main\node_modules\jest-runner\build\index.js:275:16)
        at runTest (C:\Users\maloh\Downloads\1-main\node_modules\jest-runner\build\index.js:343:7)

    [0m [90m 118 |[39m           results[scanType] [33m=[39m result[33m;[39m
     [90m 119 |[39m         } [36mcatch[39m (error[33m:[39m any) {
    [31m[1m>[22m[39m[90m 120 |[39m           console[33m.[39merror([32m`Error checking ${scanType} eligibility:`[39m[33m,[39m error)[33m;[39m
     [90m     |[39m                   [31m[1m^[22m[39m
     [90m 121 |[39m           results[scanType] [33m=[39m [36mnull[39m[33m;[39m
     [90m 122 |[39m
     [90m 123 |[39m           [90m// Détecter les erreurs réseau[39m[0m

      at error (screens/ScannerScreen.tsx:120:19)
          at Generator.throw (<anonymous>)
      at asyncGeneratorStep (node_modules/@babel/runtime/helpers/asyncToGenerator.js:3:17)
      at _throw (node_modules/@babel/runtime/helpers/asyncToGenerator.js:20:9)

  console.error
    Error checking nutrition eligibility: Error: Network error
        at Object.<anonymous> (C:\Users\maloh\Downloads\1-main\__tests__\screens\ScannerScreen.test.tsx:448:54)
        at Generator.next (<anonymous>)
        at asyncGeneratorStep (C:\Users\maloh\Downloads\1-main\node_modules\@babel\runtime\helpers\asyncToGenerator.js:3:17)
        at _next (C:\Users\maloh\Downloads\1-main\node_modules\@babel\runtime\helpers\asyncToGenerator.js:17:9)
        at C:\Users\maloh\Downloads\1-main\node_modules\@babel\runtime\helpers\asyncToGenerator.js:22:7
        at new Promise (<anonymous>)
        at Object.<anonymous> (C:\Users\maloh\Downloads\1-main\node_modules\@babel\runtime\helpers\asyncToGenerator.js:14:12)
        at Promise.finally.completed (C:\Users\maloh\Downloads\1-main\node_modules\jest-circus\build\jestAdapterInit.js:1557:28)
        at new Promise (<anonymous>)
        at callAsyncCircusFn (C:\Users\maloh\Downloads\1-main\node_modules\jest-circus\build\jestAdapterInit.js:1497:10)
        at _callCircusTest (C:\Users\maloh\Downloads\1-main\node_modules\jest-circus\build\jestAdapterInit.js:1007:40)
        at _runTest (C:\Users\maloh\Downloads\1-main\node_modules\jest-circus\build\jestAdapterInit.js:947:3)
        at C:\Users\maloh\Downloads\1-main\node_modules\jest-circus\build\jestAdapterInit.js:849:7
        at _runTestsForDescribeBlock (C:\Users\maloh\Downloads\1-main\node_modules\jest-circus\build\jestAdapterInit.js:862:11)
        at _runTestsForDescribeBlock (C:\Users\maloh\Downloads\1-main\node_modules\jest-circus\build\jestAdapterInit.js:857:11)
        at _runTestsForDescribeBlock (C:\Users\maloh\Downloads\1-main\node_modules\jest-circus\build\jestAdapterInit.js:857:11)
        at run (C:\Users\maloh\Downloads\1-main\node_modules\jest-circus\build\jestAdapterInit.js:761:3)
        at runAndTransformResultsToJestFormat (C:\Users\maloh\Downloads\1-main\node_modules\jest-circus\build\jestAdapterInit.js:1918:21)
        at jestAdapter (C:\Users\maloh\Downloads\1-main\node_modules\jest-circus\build\runner.js:101:19)
        at runTestInternal (C:\Users\maloh\Downloads\1-main\node_modules\jest-runner\build\index.js:275:16)
        at runTest (C:\Users\maloh\Downloads\1-main\node_modules\jest-runner\build\index.js:343:7)

    [0m [90m 118 |[39m           results[scanType] [33m=[39m result[33m;[39m
     [90m 119 |[39m         } [36mcatch[39m (error[33m:[39m any) {
    [31m[1m>[22m[39m[90m 120 |[39m           console[33m.[39merror([32m`Error checking ${scanType} eligibility:`[39m[33m,[39m error)[33m;[39m
     [90m     |[39m                   [31m[1m^[22m[39m
     [90m 121 |[39m           results[scanType] [33m=[39m [36mnull[39m[33m;[39m
     [90m 122 |[39m
     [90m 123 |[39m           [90m// Détecter les erreurs réseau[39m[0m

      at error (screens/ScannerScreen.tsx:120:19)
          at Generator.throw (<anonymous>)
      at asyncGeneratorStep (node_modules/@babel/runtime/helpers/asyncToGenerator.js:3:17)
      at _throw (node_modules/@babel/runtime/helpers/asyncToGenerator.js:20:9)

  console.warn
    An error occurred in the <View> component.
    
    Consider adding an error boundary to your tree to customize error handling behavior.
    Visit https://react.dev/link/error-boundaries to learn more about error boundaries.

      at defaultOnUncaughtError (node_modules/react-test-renderer/cjs/react-test-renderer.development.js:5452:15)
      at logUncaughtError (node_modules/react-test-renderer/cjs/react-test-renderer.development.js:5512:11)
      at runWithFiberInDEV (node_modules/react-test-renderer/cjs/react-test-renderer.development.js:1574:13)
      at lane.callback (node_modules/react-test-renderer/cjs/react-test-renderer.development.js:5542:9)
      at callCallback (node_modules/react-test-renderer/cjs/react-test-renderer.development.js:2700:16)
      at commitCallbacks (node_modules/react-test-renderer/cjs/react-test-renderer.development.js:2720:11)
      at runWithFiberInDEV (node_modules/react-test-renderer/cjs/react-test-renderer.development.js:1574:13)
      at commitLayoutEffectOnFiber (node_modules/react-test-renderer/cjs/react-test-renderer.development.js:8936:15)
      at flushLayoutEffects (node_modules/react-test-renderer/cjs/react-test-renderer.development.js:11356:13)
      at commitRoot (node_modules/react-test-renderer/cjs/react-test-renderer.development.js:11310:9)
      at commitRootWhenReady (node_modules/react-test-renderer/cjs/react-test-renderer.development.js:10532:7)
      at performWorkOnRoot (node_modules/react-test-renderer/cjs/react-test-renderer.development.js:10494:15)
      at performWorkOnRootViaSchedulerTask (node_modules/react-test-renderer/cjs/react-test-renderer.development.js:2094:7)
      at Immediate.performWorkUntilDeadline [as _onImmediate] (node_modules/scheduler/cjs/scheduler.native.development.js:45:48)

  console.error
    Error checking body eligibility: Error: Failed
        at Object.<anonymous> (C:\Users\maloh\Downloads\1-main\__tests__\screens\ScannerScreen.test.tsx:461:32)
        at Generator.next (<anonymous>)
        at asyncGeneratorStep (C:\Users\maloh\Downloads\1-main\node_modules\@babel\runtime\helpers\asyncToGenerator.js:3:17)
        at _next (C:\Users\maloh\Downloads\1-main\node_modules\@babel\runtime\helpers\asyncToGenerator.js:17:9)
        at C:\Users\maloh\Downloads\1-main\node_modules\@babel\runtime\helpers\asyncToGenerator.js:22:7
        at new Promise (<anonymous>)
        at Object.<anonymous> (C:\Users\maloh\Downloads\1-main\node_modules\@babel\runtime\helpers\asyncToGenerator.js:14:12)
        at Promise.finally.completed (C:\Users\maloh\Downloads\1-main\node_modules\jest-circus\build\jestAdapterInit.js:1557:28)
        at new Promise (<anonymous>)
        at callAsyncCircusFn (C:\Users\maloh\Downloads\1-main\node_modules\jest-circus\build\jestAdapterInit.js:1497:10)
        at _callCircusTest (C:\Users\maloh\Downloads\1-main\node_modules\jest-circus\build\jestAdapterInit.js:1007:40)
        at _runTest (C:\Users\maloh\Downloads\1-main\node_modules\jest-circus\build\jestAdapterInit.js:947:3)
        at C:\Users\maloh\Downloads\1-main\node_modules\jest-circus\build\jestAdapterInit.js:849:7
        at _runTestsForDescribeBlock (C:\Users\maloh\Downloads\1-main\node_modules\jest-circus\build\jestAdapterInit.js:862:11)
        at _runTestsForDescribeBlock (C:\Users\maloh\Downloads\1-main\node_modules\jest-circus\build\jestAdapterInit.js:857:11)
        at _runTestsForDescribeBlock (C:\Users\maloh\Downloads\1-main\node_modules\jest-circus\build\jestAdapterInit.js:857:11)
        at run (C:\Users\maloh\Downloads\1-main\node_modules\jest-circus\build\jestAdapterInit.js:761:3)
        at runAndTransformResultsToJestFormat (C:\Users\maloh\Downloads\1-main\node_modules\jest-circus\build\jestAdapterInit.js:1918:21)
        at jestAdapter (C:\Users\maloh\Downloads\1-main\node_modules\jest-circus\build\runner.js:101:19)
        at runTestInternal (C:\Users\maloh\Downloads\1-main\node_modules\jest-runner\build\index.js:275:16)
        at runTest (C:\Users\maloh\Downloads\1-main\node_modules\jest-runner\build\index.js:343:7)

    [0m [90m 118 |[39m           results[scanType] [33m=[39m result[33m;[39m
     [90m 119 |[39m         } [36mcatch[39m (error[33m:[39m any) {
    [31m[1m>[22m[39m[90m 120 |[39m           console[33m.[39merror([32m`Error checking ${scanType} eligibility:`[39m[33m,[39m error)[33m;[39m
     [90m     |[39m                   [31m[1m^[22m[39m
     [90m 121 |[39m           results[scanType] [33m=[39m [36mnull[39m[33m;[39m
     [90m 122 |[39m
     [90m 123 |[39m           [90m// Détecter les erreurs réseau[39m[0m

      at error (screens/ScannerScreen.tsx:120:19)
          at Generator.throw (<anonymous>)
      at asyncGeneratorStep (node_modules/@babel/runtime/helpers/asyncToGenerator.js:3:17)
      at _throw (node_modules/@babel/runtime/helpers/asyncToGenerator.js:20:9)

  console.warn
    An error occurred in the <View> component.
    
    Consider adding an error boundary to your tree to customize error handling behavior.
    Visit https://react.dev/link/error-boundaries to learn more about error boundaries.

      at defaultOnUncaughtError (node_modules/react-test-renderer/cjs/react-test-renderer.development.js:5452:15)
      at logUncaughtError (node_modules/react-test-renderer/cjs/react-test-renderer.development.js:5512:11)
      at runWithFiberInDEV (node_modules/react-test-renderer/cjs/react-test-renderer.development.js:1574:13)
      at lane.callback (node_modules/react-test-renderer/cjs/react-test-renderer.development.js:5542:9)
      at callCallback (node_modules/react-test-renderer/cjs/react-test-renderer.development.js:2700:16)
      at commitCallbacks (node_modules/react-test-renderer/cjs/react-test-renderer.development.js:2720:11)
      at runWithFiberInDEV (node_modules/react-test-renderer/cjs/react-test-renderer.development.js:1574:13)
      at commitLayoutEffectOnFiber (node_modules/react-test-renderer/cjs/react-test-renderer.development.js:8936:15)
      at flushLayoutEffects (node_modules/react-test-renderer/cjs/react-test-renderer.development.js:11356:13)
      at commitRoot (node_modules/react-test-renderer/cjs/react-test-renderer.development.js:11310:9)
      at commitRootWhenReady (node_modules/react-test-renderer/cjs/react-test-renderer.development.js:10532:7)
      at performWorkOnRoot (node_modules/react-test-renderer/cjs/react-test-renderer.development.js:10494:15)
      at performWorkOnRootViaSchedulerTask (node_modules/react-test-renderer/cjs/react-test-renderer.development.js:2094:7)
      at Immediate.performWorkUntilDeadline [as _onImmediate] (node_modules/scheduler/cjs/scheduler.native.development.js:45:48)

FAIL __tests__/screens/ScannerScreen.test.tsx (15.881 s)
  ScannerScreen
    camera permissions
      √ shows loading spinner when permission is undefined (99 ms)
      √ shows permission request UI when not granted (103 ms)
      √ calls requestPermission when Autoriser button is pressed (62 ms)
    scan type selection
      × renders all scan type buttons (1018 ms)
      × disables scan type buttons when limit is reached (1006 ms)
    welcome credits
      × shows welcome credits banner when available (1006 ms)
      × allows scan selection with welcome credits even if not otherwise allowed (1016 ms)
    premium prompt
      × shows premium prompt for free users without welcome credits (1012 ms)
      × does not show premium prompt for premium users (1002 ms)
    capture actions
      × shows alert when trying to capture without selecting scan type (1012 ms)
      × checks eligibility before proceeding with scan (1003 ms)
      × allows selecting scan type when eligibility check passes (1017 ms)
      × allows scan when welcome credits are available (1009 ms)
    image picker
      × requires scan type selection before picking image (1010 ms)
    scan eligibility refresh
      × refreshes eligibility when screen gains focus (1007 ms)
      × displays updated eligibility counts (1014 ms)
    error handling
      × handles eligibility check error gracefully (1007 ms)
      × shows scan types even when some eligibility checks fail (1006 ms)

  ● ScannerScreen › scan type selection › renders all scan type buttons

    Unable to find node on an unmounted component.

    [0m [90m 163 |[39m       render([33m<[39m[33mScannerScreen[39m [33m/[39m[33m>[39m)[33m;[39m
     [90m 164 |[39m
    [31m[1m>[22m[39m[90m 165 |[39m       [36mawait[39m waitFor(() [33m=>[39m {
     [90m     |[39m                    [31m[1m^[22m[39m
     [90m 166 |[39m         expect(screen[33m.[39mgetByText([35m/Santé/[39m))[33m.[39mtoBeTruthy()[33m;[39m
     [90m 167 |[39m         expect(screen[33m.[39mgetByText([32m'Corps'[39m))[33m.[39mtoBeTruthy()[33m;[39m
     [90m 168 |[39m         expect(screen[33m.[39mgetByText([32m'Nutrition'[39m))[33m.[39mtoBeTruthy()[33m;[39m[0m

      at Object.<anonymous> (__tests__/screens/ScannerScreen.test.tsx:165:20)
      at asyncGeneratorStep (node_modules/@babel/runtime/helpers/asyncToGenerator.js:3:17)
      at _next (node_modules/@babel/runtime/helpers/asyncToGenerator.js:17:9)
      at node_modules/@babel/runtime/helpers/asyncToGenerator.js:22:7
      at Object.<anonymous> (node_modules/@babel/runtime/helpers/asyncToGenerator.js:14:12)

  ● ScannerScreen › scan type selection › disables scan type buttons when limit is reached

    Unable to find node on an unmounted component.

    [0m [90m 182 |[39m       render([33m<[39m[33mScannerScreen[39m [33m/[39m[33m>[39m)[33m;[39m
     [90m 183 |[39m
    [31m[1m>[22m[39m[90m 184 |[39m       [36mawait[39m waitFor(() [33m=>[39m {
     [90m     |[39m                    [31m[1m^[22m[39m
     [90m 185 |[39m         expect(screen[33m.[39mgetByText([35m/Santé/[39m))[33m.[39mtoBeTruthy()[33m;[39m
     [90m 186 |[39m       })[33m;[39m
     [90m 187 |[39m[0m

      at Object.<anonymous> (__tests__/screens/ScannerScreen.test.tsx:184:20)
      at asyncGeneratorStep (node_modules/@babel/runtime/helpers/asyncToGenerator.js:3:17)
      at _next (node_modules/@babel/runtime/helpers/asyncToGenerator.js:17:9)
      at node_modules/@babel/runtime/helpers/asyncToGenerator.js:22:7
      at Object.<anonymous> (node_modules/@babel/runtime/helpers/asyncToGenerator.js:14:12)

  ● ScannerScreen › welcome credits › shows welcome credits banner when available

    Unable to find node on an unmounted component.

    [0m [90m 213 |[39m       render([33m<[39m[33mScannerScreen[39m [33m/[39m[33m>[39m)[33m;[39m
     [90m 214 |[39m
    [31m[1m>[22m[39m[90m 215 |[39m       [36mawait[39m waitFor(() [33m=>[39m {
     [90m     |[39m                    [31m[1m^[22m[39m
     [90m 216 |[39m         expect(screen[33m.[39mgetByText([35m/Offre de bienvenue/[39m))[33m.[39mtoBeTruthy()[33m;[39m
     [90m 217 |[39m       })[33m;[39m
     [90m 218 |[39m     })[33m;[39m[0m

      at Object.<anonymous> (__tests__/screens/ScannerScreen.test.tsx:215:20)
      at asyncGeneratorStep (node_modules/@babel/runtime/helpers/asyncToGenerator.js:3:17)
      at _next (node_modules/@babel/runtime/helpers/asyncToGenerator.js:17:9)
      at node_modules/@babel/runtime/helpers/asyncToGenerator.js:22:7
      at Object.<anonymous> (node_modules/@babel/runtime/helpers/asyncToGenerator.js:14:12)

  ● ScannerScreen › welcome credits › allows scan selection with welcome credits even if not otherwise allowed

    Unable to find node on an unmounted component.

    [0m [90m 228 |[39m       render([33m<[39m[33mScannerScreen[39m [33m/[39m[33m>[39m)[33m;[39m
     [90m 229 |[39m
    [31m[1m>[22m[39m[90m 230 |[39m       [36mawait[39m waitFor(() [33m=>[39m {
     [90m     |[39m                    [31m[1m^[22m[39m
     [90m 231 |[39m         expect(screen[33m.[39mgetByText([35m/Santé/[39m))[33m.[39mtoBeTruthy()[33m;[39m
     [90m 232 |[39m       })[33m;[39m
     [90m 233 |[39m[0m

      at Object.<anonymous> (__tests__/screens/ScannerScreen.test.tsx:230:20)
      at asyncGeneratorStep (node_modules/@babel/runtime/helpers/asyncToGenerator.js:3:17)
      at _next (node_modules/@babel/runtime/helpers/asyncToGenerator.js:17:9)
      at node_modules/@babel/runtime/helpers/asyncToGenerator.js:22:7
      at Object.<anonymous> (node_modules/@babel/runtime/helpers/asyncToGenerator.js:14:12)

  ● ScannerScreen › premium prompt › shows premium prompt for free users without welcome credits

    Unable to find node on an unmounted component.

    [0m [90m 258 |[39m       render([33m<[39m[33mScannerScreen[39m [33m/[39m[33m>[39m)[33m;[39m
     [90m 259 |[39m
    [31m[1m>[22m[39m[90m 260 |[39m       [36mawait[39m waitFor(() [33m=>[39m {
     [90m     |[39m                    [31m[1m^[22m[39m
     [90m 261 |[39m         expect(screen[33m.[39mgetByText([35m/Passez a Premium/[39m))[33m.[39mtoBeTruthy()[33m;[39m
     [90m 262 |[39m       })[33m;[39m
     [90m 263 |[39m     })[33m;[39m[0m

      at Object.<anonymous> (__tests__/screens/ScannerScreen.test.tsx:260:20)
      at asyncGeneratorStep (node_modules/@babel/runtime/helpers/asyncToGenerator.js:3:17)
      at _next (node_modules/@babel/runtime/helpers/asyncToGenerator.js:17:9)
      at node_modules/@babel/runtime/helpers/asyncToGenerator.js:22:7
      at Object.<anonymous> (node_modules/@babel/runtime/helpers/asyncToGenerator.js:14:12)

  ● ScannerScreen › premium prompt › does not show premium prompt for premium users

    Unable to find node on an unmounted component.

    [0m [90m 274 |[39m       render([33m<[39m[33mScannerScreen[39m [33m/[39m[33m>[39m)[33m;[39m
     [90m 275 |[39m
    [31m[1m>[22m[39m[90m 276 |[39m       [36mawait[39m waitFor(() [33m=>[39m {
     [90m     |[39m                    [31m[1m^[22m[39m
     [90m 277 |[39m         expect(screen[33m.[39mgetByText([32m'Scanner'[39m))[33m.[39mtoBeTruthy()[33m;[39m
     [90m 278 |[39m       })[33m;[39m
     [90m 279 |[39m[0m

      at Object.<anonymous> (__tests__/screens/ScannerScreen.test.tsx:276:20)
      at asyncGeneratorStep (node_modules/@babel/runtime/helpers/asyncToGenerator.js:3:17)
      at _next (node_modules/@babel/runtime/helpers/asyncToGenerator.js:17:9)
      at node_modules/@babel/runtime/helpers/asyncToGenerator.js:22:7
      at Object.<anonymous> (node_modules/@babel/runtime/helpers/asyncToGenerator.js:14:12)

  ● ScannerScreen › capture actions › shows alert when trying to capture without selecting scan type

    Unable to find node on an unmounted component.

    [0m [90m 293 |[39m       render([33m<[39m[33mScannerScreen[39m [33m/[39m[33m>[39m)[33m;[39m
     [90m 294 |[39m
    [31m[1m>[22m[39m[90m 295 |[39m       [36mawait[39m waitFor(() [33m=>[39m {
     [90m     |[39m                    [31m[1m^[22m[39m
     [90m 296 |[39m         expect(screen[33m.[39mgetByText([32m'Scanner'[39m))[33m.[39mtoBeTruthy()[33m;[39m
     [90m 297 |[39m       })[33m;[39m
     [90m 298 |[39m[0m

      at Object.<anonymous> (__tests__/screens/ScannerScreen.test.tsx:295:20)
      at asyncGeneratorStep (node_modules/@babel/runtime/helpers/asyncToGenerator.js:3:17)
      at _next (node_modules/@babel/runtime/helpers/asyncToGenerator.js:17:9)
      at node_modules/@babel/runtime/helpers/asyncToGenerator.js:22:7
      at Object.<anonymous> (node_modules/@babel/runtime/helpers/asyncToGenerator.js:14:12)

  ● ScannerScreen › capture actions › checks eligibility before proceeding with scan

    Unable to find node on an unmounted component.

    [0m [90m 311 |[39m       render([33m<[39m[33mScannerScreen[39m [33m/[39m[33m>[39m)[33m;[39m
     [90m 312 |[39m
    [31m[1m>[22m[39m[90m 313 |[39m       [36mawait[39m waitFor(() [33m=>[39m {
     [90m     |[39m                    [31m[1m^[22m[39m
     [90m 314 |[39m         expect(screen[33m.[39mgetByText([35m/Santé/[39m))[33m.[39mtoBeTruthy()[33m;[39m
     [90m 315 |[39m       })[33m;[39m
     [90m 316 |[39m[0m

      at Object.<anonymous> (__tests__/screens/ScannerScreen.test.tsx:313:20)
      at asyncGeneratorStep (node_modules/@babel/runtime/helpers/asyncToGenerator.js:3:17)
      at _next (node_modules/@babel/runtime/helpers/asyncToGenerator.js:17:9)
      at node_modules/@babel/runtime/helpers/asyncToGenerator.js:22:7
      at Object.<anonymous> (node_modules/@babel/runtime/helpers/asyncToGenerator.js:14:12)

  ● ScannerScreen › capture actions › allows selecting scan type when eligibility check passes

    Unable to find node on an unmounted component.

    [0m [90m 334 |[39m       render([33m<[39m[33mScannerScreen[39m [33m/[39m[33m>[39m)[33m;[39m
     [90m 335 |[39m
    [31m[1m>[22m[39m[90m 336 |[39m       [36mawait[39m waitFor(() [33m=>[39m {
     [90m     |[39m                    [31m[1m^[22m[39m
     [90m 337 |[39m         expect(screen[33m.[39mgetByText([35m/Santé/[39m))[33m.[39mtoBeTruthy()[33m;[39m
     [90m 338 |[39m       })[33m;[39m
     [90m 339 |[39m[0m

      at Object.<anonymous> (__tests__/screens/ScannerScreen.test.tsx:336:20)
      at asyncGeneratorStep (node_modules/@babel/runtime/helpers/asyncToGenerator.js:3:17)
      at _next (node_modules/@babel/runtime/helpers/asyncToGenerator.js:17:9)
      at node_modules/@babel/runtime/helpers/asyncToGenerator.js:22:7
      at Object.<anonymous> (node_modules/@babel/runtime/helpers/asyncToGenerator.js:14:12)

  ● ScannerScreen › capture actions › allows scan when welcome credits are available

    Unable to find node on an unmounted component.

    [0m [90m 355 |[39m       render([33m<[39m[33mScannerScreen[39m [33m/[39m[33m>[39m)[33m;[39m
     [90m 356 |[39m
    [31m[1m>[22m[39m[90m 357 |[39m       [36mawait[39m waitFor(() [33m=>[39m {
     [90m     |[39m                    [31m[1m^[22m[39m
     [90m 358 |[39m         expect(screen[33m.[39mgetByText([35m/Santé/[39m))[33m.[39mtoBeTruthy()[33m;[39m
     [90m 359 |[39m       })[33m;[39m
     [90m 360 |[39m[0m

      at Object.<anonymous> (__tests__/screens/ScannerScreen.test.tsx:357:20)
      at asyncGeneratorStep (node_modules/@babel/runtime/helpers/asyncToGenerator.js:3:17)
      at _next (node_modules/@babel/runtime/helpers/asyncToGenerator.js:17:9)
      at node_modules/@babel/runtime/helpers/asyncToGenerator.js:22:7
      at Object.<anonymous> (node_modules/@babel/runtime/helpers/asyncToGenerator.js:14:12)

  ● ScannerScreen › image picker › requires scan type selection before picking image

    Unable to find node on an unmounted component.

    [0m [90m 384 |[39m       render([33m<[39m[33mScannerScreen[39m [33m/[39m[33m>[39m)[33m;[39m
     [90m 385 |[39m
    [31m[1m>[22m[39m[90m 386 |[39m       [36mawait[39m waitFor(() [33m=>[39m {
     [90m     |[39m                    [31m[1m^[22m[39m
     [90m 387 |[39m         expect(screen[33m.[39mgetByText([32m'Scanner'[39m))[33m.[39mtoBeTruthy()[33m;[39m
     [90m 388 |[39m       })[33m;[39m
     [90m 389 |[39m[0m

      at Object.<anonymous> (__tests__/screens/ScannerScreen.test.tsx:386:20)
      at asyncGeneratorStep (node_modules/@babel/runtime/helpers/asyncToGenerator.js:3:17)
      at _next (node_modules/@babel/runtime/helpers/asyncToGenerator.js:17:9)
      at node_modules/@babel/runtime/helpers/asyncToGenerator.js:22:7
      at Object.<anonymous> (node_modules/@babel/runtime/helpers/asyncToGenerator.js:14:12)

  ● ScannerScreen › scan eligibility refresh › refreshes eligibility when screen gains focus

    Unable to find node on an unmounted component.

    [0m [90m 411 |[39m       render([33m<[39m[33mScannerScreen[39m [33m/[39m[33m>[39m)[33m;[39m
     [90m 412 |[39m
    [31m[1m>[22m[39m[90m 413 |[39m       [36mawait[39m waitFor(() [33m=>[39m {
     [90m     |[39m                    [31m[1m^[22m[39m
     [90m 414 |[39m         expect(screen[33m.[39mgetByText([32m'Scanner'[39m))[33m.[39mtoBeTruthy()[33m;[39m
     [90m 415 |[39m       })[33m;[39m
     [90m 416 |[39m[0m

      at Object.<anonymous> (__tests__/screens/ScannerScreen.test.tsx:413:20)
      at asyncGeneratorStep (node_modules/@babel/runtime/helpers/asyncToGenerator.js:3:17)
      at _next (node_modules/@babel/runtime/helpers/asyncToGenerator.js:17:9)
      at node_modules/@babel/runtime/helpers/asyncToGenerator.js:22:7
      at Object.<anonymous> (node_modules/@babel/runtime/helpers/asyncToGenerator.js:14:12)

  ● ScannerScreen › scan eligibility refresh › displays updated eligibility counts

    Unable to find node on an unmounted component.

    [0m [90m 430 |[39m
     [90m 431 |[39m       [90m// All scan types will show 2/3 since mock returns the same value[39m
    [31m[1m>[22m[39m[90m 432 |[39m       [36mawait[39m waitFor(() [33m=>[39m {
     [90m     |[39m                    [31m[1m^[22m[39m
     [90m 433 |[39m         [36mconst[39m countElements [33m=[39m screen[33m.[39mgetAllByText([32m'2/3'[39m)[33m;[39m
     [90m 434 |[39m         expect(countElements[33m.[39mlength)[33m.[39mtoBeGreaterThan([35m0[39m)[33m;[39m
     [90m 435 |[39m       })[33m;[39m[0m

      at Object.<anonymous> (__tests__/screens/ScannerScreen.test.tsx:432:20)
      at asyncGeneratorStep (node_modules/@babel/runtime/helpers/asyncToGenerator.js:3:17)
      at _next (node_modules/@babel/runtime/helpers/asyncToGenerator.js:17:9)
      at node_modules/@babel/runtime/helpers/asyncToGenerator.js:22:7
      at Object.<anonymous> (node_modules/@babel/runtime/helpers/asyncToGenerator.js:14:12)

  ● ScannerScreen › error handling › handles eligibility check error gracefully

    Unable to find node on an unmounted component.

    [0m [90m 451 |[39m
     [90m 452 |[39m       [90m// Should still render without crashing[39m
    [31m[1m>[22m[39m[90m 453 |[39m       [36mawait[39m waitFor(() [33m=>[39m {
     [90m     |[39m                    [31m[1m^[22m[39m
     [90m 454 |[39m         expect(screen[33m.[39mgetByText([32m'Scanner'[39m))[33m.[39mtoBeTruthy()[33m;[39m
     [90m 455 |[39m       })[33m;[39m
     [90m 456 |[39m     })[33m;[39m[0m

      at Object.<anonymous> (__tests__/screens/ScannerScreen.test.tsx:453:20)
      at asyncGeneratorStep (node_modules/@babel/runtime/helpers/asyncToGenerator.js:3:17)
      at _next (node_modules/@babel/runtime/helpers/asyncToGenerator.js:17:9)
      at node_modules/@babel/runtime/helpers/asyncToGenerator.js:22:7
      at Object.<anonymous> (node_modules/@babel/runtime/helpers/asyncToGenerator.js:14:12)

  ● ScannerScreen › error handling › shows scan types even when some eligibility checks fail

    Unable to find node on an unmounted component.

    [0m [90m 475 |[39m       render([33m<[39m[33mScannerScreen[39m [33m/[39m[33m>[39m)[33m;[39m
     [90m 476 |[39m
    [31m[1m>[22m[39m[90m 477 |[39m       [36mawait[39m waitFor(() [33m=>[39m {
     [90m     |[39m                    [31m[1m^[22m[39m
     [90m 478 |[39m         expect(screen[33m.[39mgetByText([35m/Santé/[39m))[33m.[39mtoBeTruthy()[33m;[39m
     [90m 479 |[39m         expect(screen[33m.[39mgetByText([32m'Corps'[39m))[33m.[39mtoBeTruthy()[33m;[39m
     [90m 480 |[39m         expect(screen[33m.[39mgetByText([32m'Nutrition'[39m))[33m.[39mtoBeTruthy()[33m;[39m[0m

      at Object.<anonymous> (__tests__/screens/ScannerScreen.test.tsx:477:20)
      at asyncGeneratorStep (node_modules/@babel/runtime/helpers/asyncToGenerator.js:3:17)
      at _next (node_modules/@babel/runtime/helpers/asyncToGenerator.js:17:9)
      at node_modules/@babel/runtime/helpers/asyncToGenerator.js:22:7
      at Object.<anonymous> (node_modules/@babel/runtime/helpers/asyncToGenerator.js:14:12)

Test Suites: 1 failed, 1 total
Tests:       15 failed, 3 passed, 18 total
Snapshots:   0 total
Time:        15.95 s, estimated 16 s
Ran all test suites matching ScannerScreen.
